[Appium] Welcome to Appium v1.7.2
[Appium] Non-default server args:
[Appium]   port: 60753
[Appium]   loglevel: info
[Appium]   chromeDriverPort: 60754
[Appium]   tmpDir: C:\Users\IDOLPH~1\AppData\Local\Temp\\Katalon\Appium\Temp1518064436108
[Appium] Appium REST http interface listener started on 0.0.0.0:60753
[HTTP] --> GET /wd/hub/status {}
[HTTP] <-- GET /wd/hub/status 200 15 ms - 72 
[HTTP] --> POST /wd/hub/session {"desiredCapabilities":{"app":"C:\\Users\\iDolphinz\\git\\Riderr-Test\\Andriod\\APK\\riderr.apk","autoGrantPermissions":true,"default":true,"deviceId":"192.168.29.101:5555","deviceName":"unknown Google Nexus 5 - 5.1.0 - API 22 - 1080x1920 (Android 5.1)","fullReset":true,"newCommandTimeout":1800,"noReset":false,"platform":"ANDROID","platformName":"Android","udid":"192.168.29.101:5555"},"capabilities":{"desiredCapabilities":{"app":"C:\\Users\\iDolphinz\\git\\Riderr-Test\\Andriod\\APK\\riderr.apk","autoGrantPermissions":true,"default":true,"deviceId":"192.168.29.101:5555","deviceName":"unknown Google Nexus 5 - 5.1.0 - API 22 - 1080x1920 (Android 5.1)","fullReset":true,"newCommandTimeout":1800,"noReset":false,"platform":"ANDROID","platformName":"Android","udid":"192.168.29.101:5555"},"firstMatch":[{"platformName":"android"}]}}
[Appium] Merged W3C capabilities {"desiredCapabilities":{"app":"C:\\Users\\iDolp... into desiredCapabilities object {"app":"C:\\Users\\iDolphinz\\git\\Riderr-Test\...
[Appium] Creating new AndroidDriver (v1.37.0) session
[Appium] Capabilities:
[Appium]   app: C:\Users\iDolphinz\git\Riderr-Test\Andriod\APK\riderr.apk
[Appium]   autoGrantPermissions: true
[Appium]   default: true
[Appium]   deviceId: 192.168.29.101:5555
[Appium]   deviceName: unknown Google Nexus 5 - 5.1.0 - API 22 - 1080x1920 (Android 5.1)
[Appium]   fullReset: true
[Appium]   newCommandTimeout: 1800
[Appium]   noReset: false
[Appium]   platform: ANDROID
[Appium]   platformName: android
[Appium]   udid: 192.168.29.101:5555
[BaseDriver] The following capabilities were provided, but are not recognized by appium: default, deviceId, platform.
[BaseDriver] Session created with session id: 5ea4ac1d-e6b3-4c02-b7ad-06dd09338495
[AndroidDriver] Java version is: 1.8.0_102
[ADB] Checking whether adb is present
[ADB] Using adb.exe from C:\Users\iDolphinz\.katalon\tools\android_sdk\platform-tools\adb.exe
[AndroidDriver] Retrieving device list
[AndroidDriver] Using device: 192.168.29.101:5555
[ADB] Checking whether adb is present
[BaseDriver] Using local app 'C:\Users\iDolphinz\git\Riderr-Test\Andriod\APK\riderr.apk'
[AndroidDriver] Starting Android session
[AndroidDriver] setDeviceLanguageCountry requires language or country.
[AndroidDriver] Got language: 'null' and country: 'null'
[ADB] Checking whether aapt is present
[ADB] Using aapt.exe from C:\Users\iDolphinz\.katalon\tools\android_sdk\build-tools\27.0.3\aapt.exe
[ADB] Checking whether aapt is present
[ADB] Getting device platform version
[ADB] Checking whether aapt is present
[ADB] Extracting package and launch activity from manifest
[ADB] de.riderr.app.dev was successfully uninstalled
[AndroidDriver] Remote apk path is /data/local/tmp/7e217af7d5879c15f28abce4b4028ba0.apk
[AndroidDriver] Apk is not yet installed
[AndroidDriver] installing apk from remote
[AndroidDriver] Clearing out any existing remote apks with the same hash
[ADB] de.riderr.app.dev was not uninstalled, because it was not present on the device
[ADB] Checking whether aapt is present
[ADB] Extracting package and launch activity from manifest
[ADB] No uiautomator process found to kill, continuing...
[AndroidBootstrap] Android bootstrap socket is now connected
[AndroidDriver] Screen already unlocked, doing nothing
[Appium] New AndroidDriver session created successfully, session 5ea4ac1d-e6b3-4c02-b7ad-06dd09338495 added to master session list
[HTTP] <-- POST /wd/hub/session 200 21159 ms - 1313 
[HTTP] --> GET /wd/hub/status {}
[HTTP] <-- GET /wd/hub/status 200 3 ms - 83 
[HTTP] --> POST /wd/hub/session/5ea4ac1d-e6b3-4c02-b7ad-06dd09338495/timeouts {"type":"implicit","ms":30000}
[HTTP] <-- POST /wd/hub/session/5ea4ac1d-e6b3-4c02-b7ad-06dd09338495/timeouts 200 7 ms - 76 
[HTTP] --> GET /wd/hub/session/5ea4ac1d-e6b3-4c02-b7ad-06dd09338495/window/current/size {}
[HTTP] <-- GET /wd/hub/session/5ea4ac1d-e6b3-4c02-b7ad-06dd09338495/window/current/size 200 13 ms - 100 
[HTTP] --> POST /wd/hub/session/5ea4ac1d-e6b3-4c02-b7ad-06dd09338495/elements {"using":"-android uiautomator","value":"new UiSelector().className(\"android.widget.ImageButton\").instance(0)"}
[HTTP] <-- POST /wd/hub/session/5ea4ac1d-e6b3-4c02-b7ad-06dd09338495/elements 200 2067 ms - 89 
[HTTP] --> GET /wd/hub/session/5ea4ac1d-e6b3-4c02-b7ad-06dd09338495 {}
[HTTP] <-- GET /wd/hub/session/5ea4ac1d-e6b3-4c02-b7ad-06dd09338495 200 2 ms - 1313 
[HTTP] --> GET /wd/hub/session/5ea4ac1d-e6b3-4c02-b7ad-06dd09338495 {}
[HTTP] <-- GET /wd/hub/session/5ea4ac1d-e6b3-4c02-b7ad-06dd09338495 200 2 ms - 1313 
[HTTP] --> GET /wd/hub/session/5ea4ac1d-e6b3-4c02-b7ad-06dd09338495 {}
[HTTP] <-- GET /wd/hub/session/5ea4ac1d-e6b3-4c02-b7ad-06dd09338495 200 4 ms - 1313 
[HTTP] --> GET /wd/hub/session/5ea4ac1d-e6b3-4c02-b7ad-06dd09338495 {}
[HTTP] <-- GET /wd/hub/session/5ea4ac1d-e6b3-4c02-b7ad-06dd09338495 200 2 ms - 1313 
[HTTP] --> GET /wd/hub/session/5ea4ac1d-e6b3-4c02-b7ad-06dd09338495/element/1/location {}
[HTTP] <-- GET /wd/hub/session/5ea4ac1d-e6b3-4c02-b7ad-06dd09338495/element/1/location 200 269 ms - 86 
[HTTP] --> GET /wd/hub/session/5ea4ac1d-e6b3-4c02-b7ad-06dd09338495/window/current/size {}
[HTTP] <-- GET /wd/hub/session/5ea4ac1d-e6b3-4c02-b7ad-06dd09338495/window/current/size 200 12 ms - 100 
[HTTP] --> POST /wd/hub/session/5ea4ac1d-e6b3-4c02-b7ad-06dd09338495/elements {"using":"-android uiautomator","value":"new UiSelector().className(\"android.widget.ImageButton\").instance(0)"}
[HTTP] <-- POST /wd/hub/session/5ea4ac1d-e6b3-4c02-b7ad-06dd09338495/elements 200 452 ms - 89 
[HTTP] --> GET /wd/hub/session/5ea4ac1d-e6b3-4c02-b7ad-06dd09338495 {}
[HTTP] <-- GET /wd/hub/session/5ea4ac1d-e6b3-4c02-b7ad-06dd09338495 200 3 ms - 1313 
[HTTP] --> GET /wd/hub/session/5ea4ac1d-e6b3-4c02-b7ad-06dd09338495 {}
[HTTP] <-- GET /wd/hub/session/5ea4ac1d-e6b3-4c02-b7ad-06dd09338495 200 2 ms - 1313 
[HTTP] --> GET /wd/hub/session/5ea4ac1d-e6b3-4c02-b7ad-06dd09338495 {}
[HTTP] <-- GET /wd/hub/session/5ea4ac1d-e6b3-4c02-b7ad-06dd09338495 200 3 ms - 1313 
[HTTP] --> GET /wd/hub/session/5ea4ac1d-e6b3-4c02-b7ad-06dd09338495 {}
[HTTP] <-- GET /wd/hub/session/5ea4ac1d-e6b3-4c02-b7ad-06dd09338495 200 2 ms - 1313 
[HTTP] --> GET /wd/hub/session/5ea4ac1d-e6b3-4c02-b7ad-06dd09338495/element/2/location {}
[HTTP] <-- GET /wd/hub/session/5ea4ac1d-e6b3-4c02-b7ad-06dd09338495/element/2/location 200 28 ms - 86 
[HTTP] --> POST /wd/hub/session/5ea4ac1d-e6b3-4c02-b7ad-06dd09338495/touch/perform {"actions":[{"action":"tap","options":{"element":"2","x":1,"y":1}}]}
[HTTP] <-- POST /wd/hub/session/5ea4ac1d-e6b3-4c02-b7ad-06dd09338495/touch/perform 200 248 ms - 76 
[HTTP] --> GET /wd/hub/session/5ea4ac1d-e6b3-4c02-b7ad-06dd09338495/window/current/size {}
[HTTP] <-- GET /wd/hub/session/5ea4ac1d-e6b3-4c02-b7ad-06dd09338495/window/current/size 200 6 ms - 100 
[HTTP] --> POST /wd/hub/session/5ea4ac1d-e6b3-4c02-b7ad-06dd09338495/elements {"using":"xpath","value":"//hierarchy/android.widget.FrameLayout[1]/android.widget.LinearLayout[1]/android.widget.FrameLayout[1]/android.widget.LinearLayout[1]/android.widget.FrameLayout[1]/android.support.v4.widget.DrawerLayout[1]/android.widget.LinearLayout[2]/android.widget.LinearLayout[1]/android.support.v7.widget.RecyclerView[1]/android.widget.LinearLayout[4]"}
[HTTP] <-- POST /wd/hub/session/5ea4ac1d-e6b3-4c02-b7ad-06dd09338495/elements 200 1046 ms - 89 
[HTTP] --> GET /wd/hub/session/5ea4ac1d-e6b3-4c02-b7ad-06dd09338495 {}
[HTTP] <-- GET /wd/hub/session/5ea4ac1d-e6b3-4c02-b7ad-06dd09338495 200 2 ms - 1313 
[HTTP] --> GET /wd/hub/session/5ea4ac1d-e6b3-4c02-b7ad-06dd09338495 {}
[HTTP] <-- GET /wd/hub/session/5ea4ac1d-e6b3-4c02-b7ad-06dd09338495 200 3 ms - 1313 
[HTTP] --> GET /wd/hub/session/5ea4ac1d-e6b3-4c02-b7ad-06dd09338495 {}
[HTTP] <-- GET /wd/hub/session/5ea4ac1d-e6b3-4c02-b7ad-06dd09338495 200 2 ms - 1313 
[HTTP] --> GET /wd/hub/session/5ea4ac1d-e6b3-4c02-b7ad-06dd09338495 {}
[HTTP] <-- GET /wd/hub/session/5ea4ac1d-e6b3-4c02-b7ad-06dd09338495 200 3 ms - 1313 
[HTTP] --> GET /wd/hub/session/5ea4ac1d-e6b3-4c02-b7ad-06dd09338495/element/3/location {}
[HTTP] <-- GET /wd/hub/session/5ea4ac1d-e6b3-4c02-b7ad-06dd09338495/element/3/location 200 14 ms - 87 
[HTTP] --> GET /wd/hub/session/5ea4ac1d-e6b3-4c02-b7ad-06dd09338495/window/current/size {}
[HTTP] <-- GET /wd/hub/session/5ea4ac1d-e6b3-4c02-b7ad-06dd09338495/window/current/size 200 7 ms - 100 
[HTTP] --> POST /wd/hub/session/5ea4ac1d-e6b3-4c02-b7ad-06dd09338495/elements {"using":"xpath","value":"//hierarchy/android.widget.FrameLayout[1]/android.widget.LinearLayout[1]/android.widget.FrameLayout[1]/android.widget.LinearLayout[1]/android.widget.FrameLayout[1]/android.support.v4.widget.DrawerLayout[1]/android.widget.LinearLayout[2]/android.widget.LinearLayout[1]/android.support.v7.widget.RecyclerView[1]/android.widget.LinearLayout[4]"}
[HTTP] <-- POST /wd/hub/session/5ea4ac1d-e6b3-4c02-b7ad-06dd09338495/elements 200 93 ms - 89 
[HTTP] --> GET /wd/hub/session/5ea4ac1d-e6b3-4c02-b7ad-06dd09338495 {}
[HTTP] <-- GET /wd/hub/session/5ea4ac1d-e6b3-4c02-b7ad-06dd09338495 200 4 ms - 1313 
[HTTP] --> GET /wd/hub/session/5ea4ac1d-e6b3-4c02-b7ad-06dd09338495 {}
[HTTP] <-- GET /wd/hub/session/5ea4ac1d-e6b3-4c02-b7ad-06dd09338495 200 4 ms - 1313 
[HTTP] --> GET /wd/hub/session/5ea4ac1d-e6b3-4c02-b7ad-06dd09338495 {}
[HTTP] <-- GET /wd/hub/session/5ea4ac1d-e6b3-4c02-b7ad-06dd09338495 200 3 ms - 1313 
[HTTP] --> GET /wd/hub/session/5ea4ac1d-e6b3-4c02-b7ad-06dd09338495 {}
[HTTP] <-- GET /wd/hub/session/5ea4ac1d-e6b3-4c02-b7ad-06dd09338495 200 2 ms - 1313 
[HTTP] --> GET /wd/hub/session/5ea4ac1d-e6b3-4c02-b7ad-06dd09338495/element/4/location {}
[HTTP] <-- GET /wd/hub/session/5ea4ac1d-e6b3-4c02-b7ad-06dd09338495/element/4/location 200 39 ms - 87 
[HTTP] --> POST /wd/hub/session/5ea4ac1d-e6b3-4c02-b7ad-06dd09338495/touch/perform {"actions":[{"action":"tap","options":{"element":"4","x":1,"y":1}}]}
[HTTP] <-- POST /wd/hub/session/5ea4ac1d-e6b3-4c02-b7ad-06dd09338495/touch/perform 200 867 ms - 76 
[HTTP] --> GET /wd/hub/session/5ea4ac1d-e6b3-4c02-b7ad-06dd09338495/window/current/size {}
[HTTP] <-- GET /wd/hub/session/5ea4ac1d-e6b3-4c02-b7ad-06dd09338495/window/current/size 200 16 ms - 100 
[HTTP] --> POST /wd/hub/session/5ea4ac1d-e6b3-4c02-b7ad-06dd09338495/elements {"using":"-android uiautomator","value":"new UiSelector().className(\"android.widget.ImageView\").resourceId(\"de.riderr.app.dev:id/icon_hamburger\").instance(0)"}
[HTTP] <-- POST /wd/hub/session/5ea4ac1d-e6b3-4c02-b7ad-06dd09338495/elements 200 1335 ms - 89 
[HTTP] --> GET /wd/hub/session/5ea4ac1d-e6b3-4c02-b7ad-06dd09338495 {}
[HTTP] <-- GET /wd/hub/session/5ea4ac1d-e6b3-4c02-b7ad-06dd09338495 200 3 ms - 1313 
[HTTP] --> GET /wd/hub/session/5ea4ac1d-e6b3-4c02-b7ad-06dd09338495 {}
[HTTP] <-- GET /wd/hub/session/5ea4ac1d-e6b3-4c02-b7ad-06dd09338495 200 2 ms - 1313 
[HTTP] --> GET /wd/hub/session/5ea4ac1d-e6b3-4c02-b7ad-06dd09338495 {}
[HTTP] <-- GET /wd/hub/session/5ea4ac1d-e6b3-4c02-b7ad-06dd09338495 200 2 ms - 1313 
[HTTP] --> GET /wd/hub/session/5ea4ac1d-e6b3-4c02-b7ad-06dd09338495 {}
[HTTP] <-- GET /wd/hub/session/5ea4ac1d-e6b3-4c02-b7ad-06dd09338495 200 13 ms - 1313 
[HTTP] --> GET /wd/hub/session/5ea4ac1d-e6b3-4c02-b7ad-06dd09338495/element/5/location {}
[HTTP] <-- GET /wd/hub/session/5ea4ac1d-e6b3-4c02-b7ad-06dd09338495/element/5/location 200 62 ms - 88 
[HTTP] --> GET /wd/hub/session/5ea4ac1d-e6b3-4c02-b7ad-06dd09338495/window/current/size {}
[HTTP] <-- GET /wd/hub/session/5ea4ac1d-e6b3-4c02-b7ad-06dd09338495/window/current/size 200 8 ms - 100 
[HTTP] --> POST /wd/hub/session/5ea4ac1d-e6b3-4c02-b7ad-06dd09338495/elements {"using":"-android uiautomator","value":"new UiSelector().className(\"android.widget.ImageView\").resourceId(\"de.riderr.app.dev:id/icon_hamburger\").instance(0)"}
[HTTP] <-- POST /wd/hub/session/5ea4ac1d-e6b3-4c02-b7ad-06dd09338495/elements 200 34 ms - 89 
[HTTP] --> GET /wd/hub/session/5ea4ac1d-e6b3-4c02-b7ad-06dd09338495 {}
[HTTP] <-- GET /wd/hub/session/5ea4ac1d-e6b3-4c02-b7ad-06dd09338495 200 3 ms - 1313 
[HTTP] --> GET /wd/hub/session/5ea4ac1d-e6b3-4c02-b7ad-06dd09338495 {}
[HTTP] <-- GET /wd/hub/session/5ea4ac1d-e6b3-4c02-b7ad-06dd09338495 200 2 ms - 1313 
[HTTP] --> GET /wd/hub/session/5ea4ac1d-e6b3-4c02-b7ad-06dd09338495 {}
[HTTP] <-- GET /wd/hub/session/5ea4ac1d-e6b3-4c02-b7ad-06dd09338495 200 4 ms - 1313 
[HTTP] --> GET /wd/hub/session/5ea4ac1d-e6b3-4c02-b7ad-06dd09338495 {}
[HTTP] <-- GET /wd/hub/session/5ea4ac1d-e6b3-4c02-b7ad-06dd09338495 200 2 ms - 1313 
[HTTP] --> GET /wd/hub/session/5ea4ac1d-e6b3-4c02-b7ad-06dd09338495/element/6/location {}
[HTTP] <-- GET /wd/hub/session/5ea4ac1d-e6b3-4c02-b7ad-06dd09338495/element/6/location 200 16 ms - 88 
[HTTP] --> POST /wd/hub/session/5ea4ac1d-e6b3-4c02-b7ad-06dd09338495/touch/perform {"actions":[{"action":"tap","options":{"element":"6","x":1,"y":1}}]}
[HTTP] <-- POST /wd/hub/session/5ea4ac1d-e6b3-4c02-b7ad-06dd09338495/touch/perform 200 153 ms - 76 
[HTTP] --> GET /wd/hub/session/5ea4ac1d-e6b3-4c02-b7ad-06dd09338495/window/current/size {}
[HTTP] <-- GET /wd/hub/session/5ea4ac1d-e6b3-4c02-b7ad-06dd09338495/window/current/size 200 12 ms - 100 
[HTTP] --> POST /wd/hub/session/5ea4ac1d-e6b3-4c02-b7ad-06dd09338495/elements {"using":"-android uiautomator","value":"new UiSelector().className(\"android.widget.LinearLayout\").resourceId(\"de.riderr.app.dev:id/layout_guest\").instance(15)"}
[HTTP] <-- POST /wd/hub/session/5ea4ac1d-e6b3-4c02-b7ad-06dd09338495/elements 200 1366 ms - 89 
[HTTP] --> GET /wd/hub/session/5ea4ac1d-e6b3-4c02-b7ad-06dd09338495 {}
[HTTP] <-- GET /wd/hub/session/5ea4ac1d-e6b3-4c02-b7ad-06dd09338495 200 2 ms - 1313 
[HTTP] --> GET /wd/hub/session/5ea4ac1d-e6b3-4c02-b7ad-06dd09338495 {}
[HTTP] <-- GET /wd/hub/session/5ea4ac1d-e6b3-4c02-b7ad-06dd09338495 200 2 ms - 1313 
[HTTP] --> GET /wd/hub/session/5ea4ac1d-e6b3-4c02-b7ad-06dd09338495 {}
[HTTP] <-- GET /wd/hub/session/5ea4ac1d-e6b3-4c02-b7ad-06dd09338495 200 2 ms - 1313 
[HTTP] --> GET /wd/hub/session/5ea4ac1d-e6b3-4c02-b7ad-06dd09338495 {}
[HTTP] <-- GET /wd/hub/session/5ea4ac1d-e6b3-4c02-b7ad-06dd09338495 200 2 ms - 1313 
[HTTP] --> GET /wd/hub/session/5ea4ac1d-e6b3-4c02-b7ad-06dd09338495/element/7/location {}
[HTTP] <-- GET /wd/hub/session/5ea4ac1d-e6b3-4c02-b7ad-06dd09338495/element/7/location 200 11 ms - 86 
[HTTP] --> GET /wd/hub/session/5ea4ac1d-e6b3-4c02-b7ad-06dd09338495/window/current/size {}
[HTTP] <-- GET /wd/hub/session/5ea4ac1d-e6b3-4c02-b7ad-06dd09338495/window/current/size 200 5 ms - 100 
[HTTP] --> POST /wd/hub/session/5ea4ac1d-e6b3-4c02-b7ad-06dd09338495/elements {"using":"-android uiautomator","value":"new UiSelector().className(\"android.widget.LinearLayout\").resourceId(\"de.riderr.app.dev:id/layout_guest\").instance(15)"}
[HTTP] <-- POST /wd/hub/session/5ea4ac1d-e6b3-4c02-b7ad-06dd09338495/elements 200 28 ms - 89 
[HTTP] --> GET /wd/hub/session/5ea4ac1d-e6b3-4c02-b7ad-06dd09338495 {}
[HTTP] <-- GET /wd/hub/session/5ea4ac1d-e6b3-4c02-b7ad-06dd09338495 200 2 ms - 1313 
[HTTP] --> GET /wd/hub/session/5ea4ac1d-e6b3-4c02-b7ad-06dd09338495 {}
[HTTP] <-- GET /wd/hub/session/5ea4ac1d-e6b3-4c02-b7ad-06dd09338495 200 3 ms - 1313 
[HTTP] --> GET /wd/hub/session/5ea4ac1d-e6b3-4c02-b7ad-06dd09338495 {}
[HTTP] <-- GET /wd/hub/session/5ea4ac1d-e6b3-4c02-b7ad-06dd09338495 200 2 ms - 1313 
[HTTP] --> GET /wd/hub/session/5ea4ac1d-e6b3-4c02-b7ad-06dd09338495 {}
[HTTP] <-- GET /wd/hub/session/5ea4ac1d-e6b3-4c02-b7ad-06dd09338495 200 3 ms - 1313 
[HTTP] --> GET /wd/hub/session/5ea4ac1d-e6b3-4c02-b7ad-06dd09338495/element/8/location {}
[HTTP] <-- GET /wd/hub/session/5ea4ac1d-e6b3-4c02-b7ad-06dd09338495/element/8/location 200 12 ms - 86 
[HTTP] --> POST /wd/hub/session/5ea4ac1d-e6b3-4c02-b7ad-06dd09338495/touch/perform {"actions":[{"action":"tap","options":{"element":"8","x":1,"y":1}}]}
[HTTP] <-- POST /wd/hub/session/5ea4ac1d-e6b3-4c02-b7ad-06dd09338495/touch/perform 200 207 ms - 76 
[HTTP] --> GET /wd/hub/session/5ea4ac1d-e6b3-4c02-b7ad-06dd09338495/window/current/size {}
[HTTP] <-- GET /wd/hub/session/5ea4ac1d-e6b3-4c02-b7ad-06dd09338495/window/current/size 200 15 ms - 100 
[HTTP] --> POST /wd/hub/session/5ea4ac1d-e6b3-4c02-b7ad-06dd09338495/elements {"using":"-android uiautomator","value":"new UiSelector().className(\"android.widget.EditText\").resourceId(\"de.riderr.app.dev:id/et_email\").instance(0)"}
[HTTP] <-- POST /wd/hub/session/5ea4ac1d-e6b3-4c02-b7ad-06dd09338495/elements 200 1276 ms - 89 
[HTTP] --> GET /wd/hub/session/5ea4ac1d-e6b3-4c02-b7ad-06dd09338495 {}
[HTTP] <-- GET /wd/hub/session/5ea4ac1d-e6b3-4c02-b7ad-06dd09338495 200 2 ms - 1313 
[HTTP] --> GET /wd/hub/session/5ea4ac1d-e6b3-4c02-b7ad-06dd09338495 {}
[HTTP] <-- GET /wd/hub/session/5ea4ac1d-e6b3-4c02-b7ad-06dd09338495 200 2 ms - 1313 
[HTTP] --> GET /wd/hub/session/5ea4ac1d-e6b3-4c02-b7ad-06dd09338495 {}
[HTTP] <-- GET /wd/hub/session/5ea4ac1d-e6b3-4c02-b7ad-06dd09338495 200 2 ms - 1313 
[HTTP] --> GET /wd/hub/session/5ea4ac1d-e6b3-4c02-b7ad-06dd09338495 {}
[HTTP] <-- GET /wd/hub/session/5ea4ac1d-e6b3-4c02-b7ad-06dd09338495 200 2 ms - 1313 
[HTTP] --> GET /wd/hub/session/5ea4ac1d-e6b3-4c02-b7ad-06dd09338495/element/9/location {}
[HTTP] <-- GET /wd/hub/session/5ea4ac1d-e6b3-4c02-b7ad-06dd09338495/element/9/location 200 7 ms - 88 
[HTTP] --> GET /wd/hub/session/5ea4ac1d-e6b3-4c02-b7ad-06dd09338495/window/current/size {}
[HTTP] <-- GET /wd/hub/session/5ea4ac1d-e6b3-4c02-b7ad-06dd09338495/window/current/size 200 5 ms - 100 
[HTTP] --> POST /wd/hub/session/5ea4ac1d-e6b3-4c02-b7ad-06dd09338495/elements {"using":"-android uiautomator","value":"new UiSelector().className(\"android.widget.EditText\").resourceId(\"de.riderr.app.dev:id/et_email\").instance(0)"}
[HTTP] <-- POST /wd/hub/session/5ea4ac1d-e6b3-4c02-b7ad-06dd09338495/elements 200 60 ms - 90 
[HTTP] --> GET /wd/hub/session/5ea4ac1d-e6b3-4c02-b7ad-06dd09338495 {}
[HTTP] <-- GET /wd/hub/session/5ea4ac1d-e6b3-4c02-b7ad-06dd09338495 200 3 ms - 1313 
[HTTP] --> GET /wd/hub/session/5ea4ac1d-e6b3-4c02-b7ad-06dd09338495 {}
[HTTP] <-- GET /wd/hub/session/5ea4ac1d-e6b3-4c02-b7ad-06dd09338495 200 2 ms - 1313 
[HTTP] --> GET /wd/hub/session/5ea4ac1d-e6b3-4c02-b7ad-06dd09338495 {}
[HTTP] <-- GET /wd/hub/session/5ea4ac1d-e6b3-4c02-b7ad-06dd09338495 200 2 ms - 1313 
[HTTP] --> GET /wd/hub/session/5ea4ac1d-e6b3-4c02-b7ad-06dd09338495 {}
[HTTP] <-- GET /wd/hub/session/5ea4ac1d-e6b3-4c02-b7ad-06dd09338495 200 2 ms - 1313 
[HTTP] --> GET /wd/hub/session/5ea4ac1d-e6b3-4c02-b7ad-06dd09338495/element/10/location {}
[HTTP] <-- GET /wd/hub/session/5ea4ac1d-e6b3-4c02-b7ad-06dd09338495/element/10/location 200 14 ms - 88 
[HTTP] --> POST /wd/hub/session/5ea4ac1d-e6b3-4c02-b7ad-06dd09338495/element/10/clear {"id":"10"}
[HTTP] <-- POST /wd/hub/session/5ea4ac1d-e6b3-4c02-b7ad-06dd09338495/element/10/clear 200 3963 ms - 76 
[HTTP] --> POST /wd/hub/session/5ea4ac1d-e6b3-4c02-b7ad-06dd09338495/element/10/value {"id":"10","value":["psgolf11@gmail.com"]}
[HTTP] <-- POST /wd/hub/session/5ea4ac1d-e6b3-4c02-b7ad-06dd09338495/element/10/value 200 4775 ms - 76 
[HTTP] --> GET /wd/hub/session/5ea4ac1d-e6b3-4c02-b7ad-06dd09338495/window/current/size {}
[HTTP] <-- GET /wd/hub/session/5ea4ac1d-e6b3-4c02-b7ad-06dd09338495/window/current/size 200 11 ms - 100 
[HTTP] --> POST /wd/hub/session/5ea4ac1d-e6b3-4c02-b7ad-06dd09338495/elements {"using":"-android uiautomator","value":"new UiSelector().className(\"android.widget.EditText\").resourceId(\"de.riderr.app.dev:id/et_password\").instance(1)"}
[HTTP] <-- POST /wd/hub/session/5ea4ac1d-e6b3-4c02-b7ad-06dd09338495/elements 200 518 ms - 90 
[HTTP] --> GET /wd/hub/session/5ea4ac1d-e6b3-4c02-b7ad-06dd09338495 {}
[HTTP] <-- GET /wd/hub/session/5ea4ac1d-e6b3-4c02-b7ad-06dd09338495 200 5 ms - 1313 
[HTTP] --> GET /wd/hub/session/5ea4ac1d-e6b3-4c02-b7ad-06dd09338495 {}
[HTTP] <-- GET /wd/hub/session/5ea4ac1d-e6b3-4c02-b7ad-06dd09338495 200 3 ms - 1313 
[HTTP] --> GET /wd/hub/session/5ea4ac1d-e6b3-4c02-b7ad-06dd09338495 {}
[HTTP] <-- GET /wd/hub/session/5ea4ac1d-e6b3-4c02-b7ad-06dd09338495 200 3 ms - 1313 
[HTTP] --> GET /wd/hub/session/5ea4ac1d-e6b3-4c02-b7ad-06dd09338495 {}
[HTTP] <-- GET /wd/hub/session/5ea4ac1d-e6b3-4c02-b7ad-06dd09338495 200 4 ms - 1313 
[HTTP] --> GET /wd/hub/session/5ea4ac1d-e6b3-4c02-b7ad-06dd09338495/element/11/location {}
[HTTP] <-- GET /wd/hub/session/5ea4ac1d-e6b3-4c02-b7ad-06dd09338495/element/11/location 200 10 ms - 88 
[HTTP] --> GET /wd/hub/session/5ea4ac1d-e6b3-4c02-b7ad-06dd09338495/window/current/size {}
[HTTP] <-- GET /wd/hub/session/5ea4ac1d-e6b3-4c02-b7ad-06dd09338495/window/current/size 200 10 ms - 100 
[HTTP] --> POST /wd/hub/session/5ea4ac1d-e6b3-4c02-b7ad-06dd09338495/elements {"using":"-android uiautomator","value":"new UiSelector().className(\"android.widget.EditText\").resourceId(\"de.riderr.app.dev:id/et_password\").instance(1)"}
[HTTP] <-- POST /wd/hub/session/5ea4ac1d-e6b3-4c02-b7ad-06dd09338495/elements 200 35 ms - 90 
[HTTP] --> GET /wd/hub/session/5ea4ac1d-e6b3-4c02-b7ad-06dd09338495 {}
[HTTP] <-- GET /wd/hub/session/5ea4ac1d-e6b3-4c02-b7ad-06dd09338495 200 2 ms - 1313 
[HTTP] --> GET /wd/hub/session/5ea4ac1d-e6b3-4c02-b7ad-06dd09338495 {}
[HTTP] <-- GET /wd/hub/session/5ea4ac1d-e6b3-4c02-b7ad-06dd09338495 200 4 ms - 1313 
[HTTP] --> GET /wd/hub/session/5ea4ac1d-e6b3-4c02-b7ad-06dd09338495 {}
[HTTP] <-- GET /wd/hub/session/5ea4ac1d-e6b3-4c02-b7ad-06dd09338495 200 4 ms - 1313 
[HTTP] --> GET /wd/hub/session/5ea4ac1d-e6b3-4c02-b7ad-06dd09338495 {}
[HTTP] <-- GET /wd/hub/session/5ea4ac1d-e6b3-4c02-b7ad-06dd09338495 200 3 ms - 1313 
[HTTP] --> GET /wd/hub/session/5ea4ac1d-e6b3-4c02-b7ad-06dd09338495/element/12/location {}
[HTTP] <-- GET /wd/hub/session/5ea4ac1d-e6b3-4c02-b7ad-06dd09338495/element/12/location 200 16 ms - 88 
[HTTP] --> POST /wd/hub/session/5ea4ac1d-e6b3-4c02-b7ad-06dd09338495/element/12/clear {"id":"12"}
[HTTP] <-- POST /wd/hub/session/5ea4ac1d-e6b3-4c02-b7ad-06dd09338495/element/12/clear 200 2573 ms - 76 
[HTTP] --> POST /wd/hub/session/5ea4ac1d-e6b3-4c02-b7ad-06dd09338495/element/12/value {"id":"12","value":["123123"]}
[HTTP] <-- POST /wd/hub/session/5ea4ac1d-e6b3-4c02-b7ad-06dd09338495/element/12/value 200 4801 ms - 76 
[HTTP] --> GET /wd/hub/session/5ea4ac1d-e6b3-4c02-b7ad-06dd09338495/window/current/size {}
[HTTP] <-- GET /wd/hub/session/5ea4ac1d-e6b3-4c02-b7ad-06dd09338495/window/current/size 200 11 ms - 100 
[HTTP] --> POST /wd/hub/session/5ea4ac1d-e6b3-4c02-b7ad-06dd09338495/elements {"using":"-android uiautomator","value":"new UiSelector().className(\"android.widget.Button\").text(\"Log In\").resourceId(\"de.riderr.app.dev:id/btn_login\").instance(0)"}
[HTTP] <-- POST /wd/hub/session/5ea4ac1d-e6b3-4c02-b7ad-06dd09338495/elements 200 498 ms - 90 
[HTTP] --> GET /wd/hub/session/5ea4ac1d-e6b3-4c02-b7ad-06dd09338495 {}
[HTTP] <-- GET /wd/hub/session/5ea4ac1d-e6b3-4c02-b7ad-06dd09338495 200 5 ms - 1313 
[HTTP] --> GET /wd/hub/session/5ea4ac1d-e6b3-4c02-b7ad-06dd09338495 {}
[HTTP] <-- GET /wd/hub/session/5ea4ac1d-e6b3-4c02-b7ad-06dd09338495 200 7 ms - 1313 
[HTTP] --> GET /wd/hub/session/5ea4ac1d-e6b3-4c02-b7ad-06dd09338495 {}
[HTTP] <-- GET /wd/hub/session/5ea4ac1d-e6b3-4c02-b7ad-06dd09338495 200 5 ms - 1313 
[HTTP] --> GET /wd/hub/session/5ea4ac1d-e6b3-4c02-b7ad-06dd09338495 {}
[HTTP] <-- GET /wd/hub/session/5ea4ac1d-e6b3-4c02-b7ad-06dd09338495 200 2 ms - 1313 
[HTTP] --> GET /wd/hub/session/5ea4ac1d-e6b3-4c02-b7ad-06dd09338495/element/13/location {}
[HTTP] <-- GET /wd/hub/session/5ea4ac1d-e6b3-4c02-b7ad-06dd09338495/element/13/location 200 10 ms - 89 
[HTTP] --> GET /wd/hub/session/5ea4ac1d-e6b3-4c02-b7ad-06dd09338495/window/current/size {}
[HTTP] <-- GET /wd/hub/session/5ea4ac1d-e6b3-4c02-b7ad-06dd09338495/window/current/size 200 5 ms - 100 
[HTTP] --> POST /wd/hub/session/5ea4ac1d-e6b3-4c02-b7ad-06dd09338495/elements {"using":"-android uiautomator","value":"new UiSelector().className(\"android.widget.Button\").text(\"Log In\").resourceId(\"de.riderr.app.dev:id/btn_login\").instance(0)"}
[HTTP] <-- POST /wd/hub/session/5ea4ac1d-e6b3-4c02-b7ad-06dd09338495/elements 200 274 ms - 90 
[HTTP] --> GET /wd/hub/session/5ea4ac1d-e6b3-4c02-b7ad-06dd09338495 {}
[HTTP] <-- GET /wd/hub/session/5ea4ac1d-e6b3-4c02-b7ad-06dd09338495 200 2 ms - 1313 
[HTTP] --> GET /wd/hub/session/5ea4ac1d-e6b3-4c02-b7ad-06dd09338495 {}
[HTTP] <-- GET /wd/hub/session/5ea4ac1d-e6b3-4c02-b7ad-06dd09338495 200 2 ms - 1313 
[HTTP] --> GET /wd/hub/session/5ea4ac1d-e6b3-4c02-b7ad-06dd09338495 {}
[HTTP] <-- GET /wd/hub/session/5ea4ac1d-e6b3-4c02-b7ad-06dd09338495 200 3 ms - 1313 
[HTTP] --> GET /wd/hub/session/5ea4ac1d-e6b3-4c02-b7ad-06dd09338495 {}
[HTTP] <-- GET /wd/hub/session/5ea4ac1d-e6b3-4c02-b7ad-06dd09338495 200 3 ms - 1313 
[HTTP] --> GET /wd/hub/session/5ea4ac1d-e6b3-4c02-b7ad-06dd09338495/element/14/location {}
[HTTP] <-- GET /wd/hub/session/5ea4ac1d-e6b3-4c02-b7ad-06dd09338495/element/14/location 200 9 ms - 89 
[HTTP] --> POST /wd/hub/session/5ea4ac1d-e6b3-4c02-b7ad-06dd09338495/touch/perform {"actions":[{"action":"tap","options":{"element":"14","x":1,"y":1}}]}
[HTTP] <-- POST /wd/hub/session/5ea4ac1d-e6b3-4c02-b7ad-06dd09338495/touch/perform 200 189 ms - 76 
[HTTP] --> GET /wd/hub/session/5ea4ac1d-e6b3-4c02-b7ad-06dd09338495/context {}
[HTTP] <-- GET /wd/hub/session/5ea4ac1d-e6b3-4c02-b7ad-06dd09338495/context 200 6 ms - 84 
[HTTP] --> GET /wd/hub/session/5ea4ac1d-e6b3-4c02-b7ad-06dd09338495/contexts {}
[HTTP] <-- GET /wd/hub/session/5ea4ac1d-e6b3-4c02-b7ad-06dd09338495/contexts 200 448 ms - 86 
[HTTP] --> POST /wd/hub/session/5ea4ac1d-e6b3-4c02-b7ad-06dd09338495/context {"name":"NATIVE_APP"}
[HTTP] <-- POST /wd/hub/session/5ea4ac1d-e6b3-4c02-b7ad-06dd09338495/context 200 442 ms - 76 
[HTTP] --> POST /wd/hub/session/5ea4ac1d-e6b3-4c02-b7ad-06dd09338495/element {"using":"-android uiautomator","value":"new UiScrollable(new UiSelector().scrollable(true).instance(0)).scrollIntoView(new UiSelector().textContains(\"Home\"))"}
[HTTP] <-- POST /wd/hub/session/5ea4ac1d-e6b3-4c02-b7ad-06dd09338495/element 200 733 ms - 88 
[HTTP] --> GET /wd/hub/session/5ea4ac1d-e6b3-4c02-b7ad-06dd09338495 {}
[HTTP] <-- GET /wd/hub/session/5ea4ac1d-e6b3-4c02-b7ad-06dd09338495 200 3 ms - 1313 
[HTTP] --> GET /wd/hub/session/5ea4ac1d-e6b3-4c02-b7ad-06dd09338495 {}
[HTTP] <-- GET /wd/hub/session/5ea4ac1d-e6b3-4c02-b7ad-06dd09338495 200 5 ms - 1313 
[HTTP] --> GET /wd/hub/session/5ea4ac1d-e6b3-4c02-b7ad-06dd09338495 {}
[HTTP] <-- GET /wd/hub/session/5ea4ac1d-e6b3-4c02-b7ad-06dd09338495 200 4 ms - 1313 
[HTTP] --> GET /wd/hub/session/5ea4ac1d-e6b3-4c02-b7ad-06dd09338495 {}
[HTTP] <-- GET /wd/hub/session/5ea4ac1d-e6b3-4c02-b7ad-06dd09338495 200 3 ms - 1313 
[HTTP] --> POST /wd/hub/session/5ea4ac1d-e6b3-4c02-b7ad-06dd09338495/context {"name":"NATIVE_APP"}
[HTTP] <-- POST /wd/hub/session/5ea4ac1d-e6b3-4c02-b7ad-06dd09338495/context 200 343 ms - 76 
[HTTP] --> GET /wd/hub/session/5ea4ac1d-e6b3-4c02-b7ad-06dd09338495/window/current/size {}
[HTTP] <-- GET /wd/hub/session/5ea4ac1d-e6b3-4c02-b7ad-06dd09338495/window/current/size 200 16 ms - 100 
[HTTP] --> POST /wd/hub/session/5ea4ac1d-e6b3-4c02-b7ad-06dd09338495/elements {"using":"-android uiautomator","value":"new UiSelector().className(\"android.widget.ImageButton\").instance(0)"}
[HTTP] <-- POST /wd/hub/session/5ea4ac1d-e6b3-4c02-b7ad-06dd09338495/elements 200 207 ms - 90 
[HTTP] --> GET /wd/hub/session/5ea4ac1d-e6b3-4c02-b7ad-06dd09338495 {}
[HTTP] <-- GET /wd/hub/session/5ea4ac1d-e6b3-4c02-b7ad-06dd09338495 200 3 ms - 1313 
[HTTP] --> GET /wd/hub/session/5ea4ac1d-e6b3-4c02-b7ad-06dd09338495 {}
[HTTP] <-- GET /wd/hub/session/5ea4ac1d-e6b3-4c02-b7ad-06dd09338495 200 7 ms - 1313 
[HTTP] --> GET /wd/hub/session/5ea4ac1d-e6b3-4c02-b7ad-06dd09338495 {}
[HTTP] <-- GET /wd/hub/session/5ea4ac1d-e6b3-4c02-b7ad-06dd09338495 200 3 ms - 1313 
[HTTP] --> GET /wd/hub/session/5ea4ac1d-e6b3-4c02-b7ad-06dd09338495 {}
[HTTP] <-- GET /wd/hub/session/5ea4ac1d-e6b3-4c02-b7ad-06dd09338495 200 3 ms - 1313 
[HTTP] --> GET /wd/hub/session/5ea4ac1d-e6b3-4c02-b7ad-06dd09338495/element/16/location {}
[HTTP] <-- GET /wd/hub/session/5ea4ac1d-e6b3-4c02-b7ad-06dd09338495/element/16/location 200 507 ms - 86 
[HTTP] --> DELETE /wd/hub/session/5ea4ac1d-e6b3-4c02-b7ad-06dd09338495 {}
[Appium] Removing session 5ea4ac1d-e6b3-4c02-b7ad-06dd09338495 from our master session list
[ADB] de.riderr.app.dev was successfully uninstalled
[ADB] No uiautomator process found to kill, continuing...
[HTTP] <-- DELETE /wd/hub/session/5ea4ac1d-e6b3-4c02-b7ad-06dd09338495 200 4127 ms - 76 
