[Appium] Welcome to Appium v1.7.2
[Appium] Non-default server args:
[Appium]   port: 59987
[Appium]   loglevel: info
[Appium]   chromeDriverPort: 59988
[Appium]   tmpDir: C:\Users\IDOLPH~1\AppData\Local\Temp\\Katalon\Appium\Temp1518063984570
[Appium] Appium REST http interface listener started on 0.0.0.0:59987
[HTTP] --> GET /wd/hub/status {}
[HTTP] <-- GET /wd/hub/status 200 11 ms - 72 
[HTTP] --> POST /wd/hub/session {"desiredCapabilities":{"app":"C:\\Users\\iDolphinz\\git\\Riderr-Test\\Andriod\\APK\\riderr.apk","autoGrantPermissions":true,"default":true,"deviceId":"192.168.29.101:5555","deviceName":"unknown Google Nexus 5 - 5.1.0 - API 22 - 1080x1920 (Android 5.1)","fullReset":false,"newCommandTimeout":1800,"noReset":true,"platform":"ANDROID","platformName":"Android","udid":"192.168.29.101:5555"},"capabilities":{"desiredCapabilities":{"app":"C:\\Users\\iDolphinz\\git\\Riderr-Test\\Andriod\\APK\\riderr.apk","autoGrantPermissions":true,"default":true,"deviceId":"192.168.29.101:5555","deviceName":"unknown Google Nexus 5 - 5.1.0 - API 22 - 1080x1920 (Android 5.1)","fullReset":false,"newCommandTimeout":1800,"noReset":true,"platform":"ANDROID","platformName":"Android","udid":"192.168.29.101:5555"},"firstMatch":[{"platformName":"android"}]}}
[Appium] Merged W3C capabilities {"desiredCapabilities":{"app":"C:\\Users\\iDolp... into desiredCapabilities object {"app":"C:\\Users\\iDolphinz\\git\\Riderr-Test\...
[Appium] Creating new AndroidDriver (v1.37.0) session
[Appium] Capabilities:
[Appium]   app: C:\Users\iDolphinz\git\Riderr-Test\Andriod\APK\riderr.apk
[Appium]   autoGrantPermissions: true
[Appium]   default: true
[Appium]   deviceId: 192.168.29.101:5555
[Appium]   deviceName: unknown Google Nexus 5 - 5.1.0 - API 22 - 1080x1920 (Android 5.1)
[Appium]   fullReset: false
[Appium]   newCommandTimeout: 1800
[Appium]   noReset: true
[Appium]   platform: ANDROID
[Appium]   platformName: android
[Appium]   udid: 192.168.29.101:5555
[BaseDriver] The following capabilities were provided, but are not recognized by appium: default, deviceId, platform.
[BaseDriver] Session created with session id: 97fef018-7127-492d-95b3-64e71e5b9f11
[AndroidDriver] Java version is: 1.8.0_102
[ADB] Checking whether adb is present
[ADB] Using adb.exe from C:\Users\iDolphinz\.katalon\tools\android_sdk\platform-tools\adb.exe
[AndroidDriver] Retrieving device list
[AndroidDriver] Using device: 192.168.29.101:5555
[ADB] Checking whether adb is present
[BaseDriver] Using local app 'C:\Users\iDolphinz\git\Riderr-Test\Andriod\APK\riderr.apk'
[AndroidDriver] Starting Android session
[AndroidDriver] setDeviceLanguageCountry requires language or country.
[AndroidDriver] Got language: 'null' and country: 'null'
[ADB] Checking whether aapt is present
[ADB] Using aapt.exe from C:\Users\iDolphinz\.katalon\tools\android_sdk\build-tools\27.0.3\aapt.exe
[ADB] Checking whether aapt is present
[ADB] Getting device platform version
[ADB] Checking whether aapt is present
[ADB] Extracting package and launch activity from manifest
[AndroidDriver] Remote apk path is /data/local/tmp/7e217af7d5879c15f28abce4b4028ba0.apk
[ADB] Checking whether aapt is present
[ADB] Extracting package and launch activity from manifest
[ADB] No uiautomator process found to kill, continuing...
[AndroidBootstrap] Android bootstrap socket is now connected
[AndroidDriver] Screen already unlocked, doing nothing
[Appium] New AndroidDriver session created successfully, session 97fef018-7127-492d-95b3-64e71e5b9f11 added to master session list
[HTTP] <-- POST /wd/hub/session 200 13140 ms - 1313 
[HTTP] --> GET /wd/hub/status {}
[HTTP] <-- GET /wd/hub/status 200 5 ms - 83 
[HTTP] --> POST /wd/hub/session/97fef018-7127-492d-95b3-64e71e5b9f11/timeouts {"type":"implicit","ms":30000}
[HTTP] <-- POST /wd/hub/session/97fef018-7127-492d-95b3-64e71e5b9f11/timeouts 200 7 ms - 76 
[HTTP] --> GET /wd/hub/session/97fef018-7127-492d-95b3-64e71e5b9f11/window/current/size {}
[HTTP] <-- GET /wd/hub/session/97fef018-7127-492d-95b3-64e71e5b9f11/window/current/size 200 10 ms - 100 
[HTTP] --> POST /wd/hub/session/97fef018-7127-492d-95b3-64e71e5b9f11/elements {"using":"-android uiautomator","value":"new UiSelector().className(\"android.widget.ImageButton\").instance(0)"}
[HTTP] <-- POST /wd/hub/session/97fef018-7127-492d-95b3-64e71e5b9f11/elements 200 3694 ms - 89 
[HTTP] --> GET /wd/hub/session/97fef018-7127-492d-95b3-64e71e5b9f11 {}
[HTTP] <-- GET /wd/hub/session/97fef018-7127-492d-95b3-64e71e5b9f11 200 2 ms - 1313 
[HTTP] --> GET /wd/hub/session/97fef018-7127-492d-95b3-64e71e5b9f11 {}
[HTTP] <-- GET /wd/hub/session/97fef018-7127-492d-95b3-64e71e5b9f11 200 2 ms - 1313 
[HTTP] --> GET /wd/hub/session/97fef018-7127-492d-95b3-64e71e5b9f11 {}
[HTTP] <-- GET /wd/hub/session/97fef018-7127-492d-95b3-64e71e5b9f11 200 2 ms - 1313 
[HTTP] --> GET /wd/hub/session/97fef018-7127-492d-95b3-64e71e5b9f11 {}
[HTTP] <-- GET /wd/hub/session/97fef018-7127-492d-95b3-64e71e5b9f11 200 3 ms - 1313 
[HTTP] --> GET /wd/hub/session/97fef018-7127-492d-95b3-64e71e5b9f11/element/1/location {}
[HTTP] <-- GET /wd/hub/session/97fef018-7127-492d-95b3-64e71e5b9f11/element/1/location 200 15 ms - 86 
[HTTP] --> GET /wd/hub/session/97fef018-7127-492d-95b3-64e71e5b9f11/window/current/size {}
[HTTP] <-- GET /wd/hub/session/97fef018-7127-492d-95b3-64e71e5b9f11/window/current/size 200 6 ms - 100 
[HTTP] --> POST /wd/hub/session/97fef018-7127-492d-95b3-64e71e5b9f11/elements {"using":"-android uiautomator","value":"new UiSelector().className(\"android.widget.ImageButton\").instance(0)"}
[HTTP] <-- POST /wd/hub/session/97fef018-7127-492d-95b3-64e71e5b9f11/elements 200 15 ms - 89 
[HTTP] --> GET /wd/hub/session/97fef018-7127-492d-95b3-64e71e5b9f11 {}
[HTTP] <-- GET /wd/hub/session/97fef018-7127-492d-95b3-64e71e5b9f11 200 2 ms - 1313 
[HTTP] --> GET /wd/hub/session/97fef018-7127-492d-95b3-64e71e5b9f11 {}
[HTTP] <-- GET /wd/hub/session/97fef018-7127-492d-95b3-64e71e5b9f11 200 2 ms - 1313 
[HTTP] --> GET /wd/hub/session/97fef018-7127-492d-95b3-64e71e5b9f11 {}
[HTTP] <-- GET /wd/hub/session/97fef018-7127-492d-95b3-64e71e5b9f11 200 2 ms - 1313 
[HTTP] --> GET /wd/hub/session/97fef018-7127-492d-95b3-64e71e5b9f11 {}
[HTTP] <-- GET /wd/hub/session/97fef018-7127-492d-95b3-64e71e5b9f11 200 2 ms - 1313 
[HTTP] --> GET /wd/hub/session/97fef018-7127-492d-95b3-64e71e5b9f11/element/2/location {}
[HTTP] <-- GET /wd/hub/session/97fef018-7127-492d-95b3-64e71e5b9f11/element/2/location 200 13 ms - 86 
[HTTP] --> POST /wd/hub/session/97fef018-7127-492d-95b3-64e71e5b9f11/touch/perform {"actions":[{"action":"tap","options":{"element":"2","x":1,"y":1}}]}
[HTTP] <-- POST /wd/hub/session/97fef018-7127-492d-95b3-64e71e5b9f11/touch/perform 200 207 ms - 76 
[HTTP] --> GET /wd/hub/session/97fef018-7127-492d-95b3-64e71e5b9f11/window/current/size {}
[HTTP] <-- GET /wd/hub/session/97fef018-7127-492d-95b3-64e71e5b9f11/window/current/size 200 8 ms - 100 
[HTTP] --> POST /wd/hub/session/97fef018-7127-492d-95b3-64e71e5b9f11/elements {"using":"-android uiautomator","value":"new UiSelector().className(\"android.widget.LinearLayout\").resourceId(\"de.riderr.app.dev:id/layout_guest\").instance(15)"}
[HTTP] <-- POST /wd/hub/session/97fef018-7127-492d-95b3-64e71e5b9f11/elements 200 991 ms - 89 
[HTTP] --> GET /wd/hub/session/97fef018-7127-492d-95b3-64e71e5b9f11 {}
[HTTP] <-- GET /wd/hub/session/97fef018-7127-492d-95b3-64e71e5b9f11 200 2 ms - 1313 
[HTTP] --> GET /wd/hub/session/97fef018-7127-492d-95b3-64e71e5b9f11 {}
[HTTP] <-- GET /wd/hub/session/97fef018-7127-492d-95b3-64e71e5b9f11 200 2 ms - 1313 
[HTTP] --> GET /wd/hub/session/97fef018-7127-492d-95b3-64e71e5b9f11 {}
[HTTP] <-- GET /wd/hub/session/97fef018-7127-492d-95b3-64e71e5b9f11 200 2 ms - 1313 
[HTTP] --> GET /wd/hub/session/97fef018-7127-492d-95b3-64e71e5b9f11 {}
[HTTP] <-- GET /wd/hub/session/97fef018-7127-492d-95b3-64e71e5b9f11 200 3 ms - 1313 
[HTTP] --> GET /wd/hub/session/97fef018-7127-492d-95b3-64e71e5b9f11/element/3/location {}
[HTTP] <-- GET /wd/hub/session/97fef018-7127-492d-95b3-64e71e5b9f11/element/3/location 200 21 ms - 86 
[HTTP] --> GET /wd/hub/session/97fef018-7127-492d-95b3-64e71e5b9f11/window/current/size {}
[HTTP] <-- GET /wd/hub/session/97fef018-7127-492d-95b3-64e71e5b9f11/window/current/size 200 7 ms - 100 
[HTTP] --> POST /wd/hub/session/97fef018-7127-492d-95b3-64e71e5b9f11/elements {"using":"-android uiautomator","value":"new UiSelector().className(\"android.widget.LinearLayout\").resourceId(\"de.riderr.app.dev:id/layout_guest\").instance(15)"}
[HTTP] <-- POST /wd/hub/session/97fef018-7127-492d-95b3-64e71e5b9f11/elements 200 734 ms - 89 
[HTTP] --> GET /wd/hub/session/97fef018-7127-492d-95b3-64e71e5b9f11 {}
[HTTP] <-- GET /wd/hub/session/97fef018-7127-492d-95b3-64e71e5b9f11 200 2 ms - 1313 
[HTTP] --> GET /wd/hub/session/97fef018-7127-492d-95b3-64e71e5b9f11 {}
[HTTP] <-- GET /wd/hub/session/97fef018-7127-492d-95b3-64e71e5b9f11 200 2 ms - 1313 
[HTTP] --> GET /wd/hub/session/97fef018-7127-492d-95b3-64e71e5b9f11 {}
[HTTP] <-- GET /wd/hub/session/97fef018-7127-492d-95b3-64e71e5b9f11 200 2 ms - 1313 
[HTTP] --> GET /wd/hub/session/97fef018-7127-492d-95b3-64e71e5b9f11 {}
[HTTP] <-- GET /wd/hub/session/97fef018-7127-492d-95b3-64e71e5b9f11 200 3 ms - 1313 
[HTTP] --> GET /wd/hub/session/97fef018-7127-492d-95b3-64e71e5b9f11/element/4/location {}
[HTTP] <-- GET /wd/hub/session/97fef018-7127-492d-95b3-64e71e5b9f11/element/4/location 200 13 ms - 86 
[HTTP] --> POST /wd/hub/session/97fef018-7127-492d-95b3-64e71e5b9f11/touch/perform {"actions":[{"action":"tap","options":{"element":"4","x":1,"y":1}}]}
[HTTP] <-- POST /wd/hub/session/97fef018-7127-492d-95b3-64e71e5b9f11/touch/perform 200 176 ms - 76 
[HTTP] --> GET /wd/hub/session/97fef018-7127-492d-95b3-64e71e5b9f11/window/current/size {}
[HTTP] <-- GET /wd/hub/session/97fef018-7127-492d-95b3-64e71e5b9f11/window/current/size 200 9 ms - 100 
[HTTP] --> POST /wd/hub/session/97fef018-7127-492d-95b3-64e71e5b9f11/elements {"using":"-android uiautomator","value":"new UiSelector().className(\"android.widget.TextView\").text(\"Register\").resourceId(\"de.riderr.app.dev:id/tv_register\").instance(5)"}
[HTTP] <-- POST /wd/hub/session/97fef018-7127-492d-95b3-64e71e5b9f11/elements 200 1086 ms - 89 
[HTTP] --> GET /wd/hub/session/97fef018-7127-492d-95b3-64e71e5b9f11 {}
[HTTP] <-- GET /wd/hub/session/97fef018-7127-492d-95b3-64e71e5b9f11 200 2 ms - 1313 
[HTTP] --> GET /wd/hub/session/97fef018-7127-492d-95b3-64e71e5b9f11 {}
[HTTP] <-- GET /wd/hub/session/97fef018-7127-492d-95b3-64e71e5b9f11 200 22 ms - 1313 
[HTTP] --> GET /wd/hub/session/97fef018-7127-492d-95b3-64e71e5b9f11 {}
[HTTP] <-- GET /wd/hub/session/97fef018-7127-492d-95b3-64e71e5b9f11 200 2 ms - 1313 
[HTTP] --> GET /wd/hub/session/97fef018-7127-492d-95b3-64e71e5b9f11 {}
[HTTP] <-- GET /wd/hub/session/97fef018-7127-492d-95b3-64e71e5b9f11 200 2 ms - 1313 
[HTTP] --> GET /wd/hub/session/97fef018-7127-492d-95b3-64e71e5b9f11/element/5/location {}
[HTTP] <-- GET /wd/hub/session/97fef018-7127-492d-95b3-64e71e5b9f11/element/5/location 200 12 ms - 89 
[HTTP] --> GET /wd/hub/session/97fef018-7127-492d-95b3-64e71e5b9f11/window/current/size {}
[HTTP] <-- GET /wd/hub/session/97fef018-7127-492d-95b3-64e71e5b9f11/window/current/size 200 6 ms - 100 
[HTTP] --> POST /wd/hub/session/97fef018-7127-492d-95b3-64e71e5b9f11/elements {"using":"-android uiautomator","value":"new UiSelector().className(\"android.widget.TextView\").text(\"Register\").resourceId(\"de.riderr.app.dev:id/tv_register\").instance(5)"}
[HTTP] <-- POST /wd/hub/session/97fef018-7127-492d-95b3-64e71e5b9f11/elements 200 32 ms - 89 
[HTTP] --> GET /wd/hub/session/97fef018-7127-492d-95b3-64e71e5b9f11 {}
[HTTP] <-- GET /wd/hub/session/97fef018-7127-492d-95b3-64e71e5b9f11 200 3 ms - 1313 
[HTTP] --> GET /wd/hub/session/97fef018-7127-492d-95b3-64e71e5b9f11 {}
[HTTP] <-- GET /wd/hub/session/97fef018-7127-492d-95b3-64e71e5b9f11 200 2 ms - 1313 
[HTTP] --> GET /wd/hub/session/97fef018-7127-492d-95b3-64e71e5b9f11 {}
[HTTP] <-- GET /wd/hub/session/97fef018-7127-492d-95b3-64e71e5b9f11 200 2 ms - 1313 
[HTTP] --> GET /wd/hub/session/97fef018-7127-492d-95b3-64e71e5b9f11 {}
[HTTP] <-- GET /wd/hub/session/97fef018-7127-492d-95b3-64e71e5b9f11 200 2 ms - 1313 
[HTTP] --> GET /wd/hub/session/97fef018-7127-492d-95b3-64e71e5b9f11/element/6/location {}
[HTTP] <-- GET /wd/hub/session/97fef018-7127-492d-95b3-64e71e5b9f11/element/6/location 200 16 ms - 89 
[HTTP] --> POST /wd/hub/session/97fef018-7127-492d-95b3-64e71e5b9f11/touch/perform {"actions":[{"action":"tap","options":{"element":"6","x":1,"y":1}}]}
[HTTP] <-- POST /wd/hub/session/97fef018-7127-492d-95b3-64e71e5b9f11/touch/perform 200 940 ms - 76 
[HTTP] --> GET /wd/hub/session/97fef018-7127-492d-95b3-64e71e5b9f11/window/current/size {}
[HTTP] <-- GET /wd/hub/session/97fef018-7127-492d-95b3-64e71e5b9f11/window/current/size 200 9 ms - 100 
[HTTP] --> POST /wd/hub/session/97fef018-7127-492d-95b3-64e71e5b9f11/elements {"using":"-android uiautomator","value":"new UiSelector().className(\"android.widget.ImageView\").resourceId(\"de.riderr.app.dev:id/img_profile\").instance(0)"}
[HTTP] <-- POST /wd/hub/session/97fef018-7127-492d-95b3-64e71e5b9f11/elements 200 286 ms - 89 
[HTTP] --> GET /wd/hub/session/97fef018-7127-492d-95b3-64e71e5b9f11 {}
[HTTP] <-- GET /wd/hub/session/97fef018-7127-492d-95b3-64e71e5b9f11 200 2 ms - 1313 
[HTTP] --> GET /wd/hub/session/97fef018-7127-492d-95b3-64e71e5b9f11 {}
[HTTP] <-- GET /wd/hub/session/97fef018-7127-492d-95b3-64e71e5b9f11 200 2 ms - 1313 
[HTTP] --> GET /wd/hub/session/97fef018-7127-492d-95b3-64e71e5b9f11 {}
[HTTP] <-- GET /wd/hub/session/97fef018-7127-492d-95b3-64e71e5b9f11 200 3 ms - 1313 
[HTTP] --> GET /wd/hub/session/97fef018-7127-492d-95b3-64e71e5b9f11 {}
[HTTP] <-- GET /wd/hub/session/97fef018-7127-492d-95b3-64e71e5b9f11 200 2 ms - 1313 
[HTTP] --> GET /wd/hub/session/97fef018-7127-492d-95b3-64e71e5b9f11/element/7/location {}
[HTTP] <-- GET /wd/hub/session/97fef018-7127-492d-95b3-64e71e5b9f11/element/7/location 200 16 ms - 89 
[HTTP] --> GET /wd/hub/session/97fef018-7127-492d-95b3-64e71e5b9f11/context {}
[HTTP] <-- GET /wd/hub/session/97fef018-7127-492d-95b3-64e71e5b9f11/context 200 2 ms - 84 
[HTTP] --> GET /wd/hub/session/97fef018-7127-492d-95b3-64e71e5b9f11/contexts {}
[HTTP] <-- GET /wd/hub/session/97fef018-7127-492d-95b3-64e71e5b9f11/contexts 200 337 ms - 86 
[HTTP] --> POST /wd/hub/session/97fef018-7127-492d-95b3-64e71e5b9f11/context {"name":"NATIVE_APP"}
[HTTP] <-- POST /wd/hub/session/97fef018-7127-492d-95b3-64e71e5b9f11/context 200 371 ms - 76 
[HTTP] --> POST /wd/hub/session/97fef018-7127-492d-95b3-64e71e5b9f11/element {"using":"-android uiautomator","value":"new UiScrollable(new UiSelector().scrollable(true).instance(0)).scrollIntoView(new UiSelector().textContains(\"Next\"))"}
[HTTP] <-- POST /wd/hub/session/97fef018-7127-492d-95b3-64e71e5b9f11/element 200 4875 ms - 87 
[HTTP] --> GET /wd/hub/session/97fef018-7127-492d-95b3-64e71e5b9f11 {}
[HTTP] <-- GET /wd/hub/session/97fef018-7127-492d-95b3-64e71e5b9f11 200 5 ms - 1313 
[HTTP] --> GET /wd/hub/session/97fef018-7127-492d-95b3-64e71e5b9f11 {}
[HTTP] <-- GET /wd/hub/session/97fef018-7127-492d-95b3-64e71e5b9f11 200 2 ms - 1313 
[HTTP] --> GET /wd/hub/session/97fef018-7127-492d-95b3-64e71e5b9f11 {}
[HTTP] <-- GET /wd/hub/session/97fef018-7127-492d-95b3-64e71e5b9f11 200 3 ms - 1313 
[HTTP] --> GET /wd/hub/session/97fef018-7127-492d-95b3-64e71e5b9f11 {}
[HTTP] <-- GET /wd/hub/session/97fef018-7127-492d-95b3-64e71e5b9f11 200 3 ms - 1313 
[HTTP] --> POST /wd/hub/session/97fef018-7127-492d-95b3-64e71e5b9f11/context {"name":"NATIVE_APP"}
[HTTP] <-- POST /wd/hub/session/97fef018-7127-492d-95b3-64e71e5b9f11/context 200 306 ms - 76 
[HTTP] --> GET /wd/hub/session/97fef018-7127-492d-95b3-64e71e5b9f11/window/current/size {}
[HTTP] <-- GET /wd/hub/session/97fef018-7127-492d-95b3-64e71e5b9f11/window/current/size 200 4 ms - 100 
[HTTP] --> POST /wd/hub/session/97fef018-7127-492d-95b3-64e71e5b9f11/elements {"using":"-android uiautomator","value":"new UiSelector().className(\"android.widget.CheckBox\").resourceId(\"de.riderr.app.dev:id/checkTermCondition\").instance(1)"}
[HTTP] <-- POST /wd/hub/session/97fef018-7127-492d-95b3-64e71e5b9f11/elements 200 18 ms - 89 
[HTTP] --> GET /wd/hub/session/97fef018-7127-492d-95b3-64e71e5b9f11 {}
[HTTP] <-- GET /wd/hub/session/97fef018-7127-492d-95b3-64e71e5b9f11 200 3 ms - 1313 
[HTTP] --> GET /wd/hub/session/97fef018-7127-492d-95b3-64e71e5b9f11 {}
[HTTP] <-- GET /wd/hub/session/97fef018-7127-492d-95b3-64e71e5b9f11 200 2 ms - 1313 
[HTTP] --> GET /wd/hub/session/97fef018-7127-492d-95b3-64e71e5b9f11 {}
[HTTP] <-- GET /wd/hub/session/97fef018-7127-492d-95b3-64e71e5b9f11 200 2 ms - 1313 
[HTTP] --> GET /wd/hub/session/97fef018-7127-492d-95b3-64e71e5b9f11 {}
[HTTP] <-- GET /wd/hub/session/97fef018-7127-492d-95b3-64e71e5b9f11 200 3 ms - 1313 
[HTTP] --> GET /wd/hub/session/97fef018-7127-492d-95b3-64e71e5b9f11/element/9/location {}
[HTTP] <-- GET /wd/hub/session/97fef018-7127-492d-95b3-64e71e5b9f11/element/9/location 200 11 ms - 88 
[HTTP] --> GET /wd/hub/session/97fef018-7127-492d-95b3-64e71e5b9f11/window/current/size {}
[HTTP] <-- GET /wd/hub/session/97fef018-7127-492d-95b3-64e71e5b9f11/window/current/size 200 4 ms - 100 
[HTTP] --> POST /wd/hub/session/97fef018-7127-492d-95b3-64e71e5b9f11/elements {"using":"-android uiautomator","value":"new UiSelector().className(\"android.widget.CheckBox\").resourceId(\"de.riderr.app.dev:id/checkTermCondition\").instance(1)"}
[HTTP] <-- POST /wd/hub/session/97fef018-7127-492d-95b3-64e71e5b9f11/elements 200 19 ms - 90 
[HTTP] --> GET /wd/hub/session/97fef018-7127-492d-95b3-64e71e5b9f11 {}
[HTTP] <-- GET /wd/hub/session/97fef018-7127-492d-95b3-64e71e5b9f11 200 2 ms - 1313 
[HTTP] --> GET /wd/hub/session/97fef018-7127-492d-95b3-64e71e5b9f11 {}
[HTTP] <-- GET /wd/hub/session/97fef018-7127-492d-95b3-64e71e5b9f11 200 3 ms - 1313 
[HTTP] --> GET /wd/hub/session/97fef018-7127-492d-95b3-64e71e5b9f11 {}
[HTTP] <-- GET /wd/hub/session/97fef018-7127-492d-95b3-64e71e5b9f11 200 2 ms - 1313 
[HTTP] --> GET /wd/hub/session/97fef018-7127-492d-95b3-64e71e5b9f11 {}
[HTTP] <-- GET /wd/hub/session/97fef018-7127-492d-95b3-64e71e5b9f11 200 2 ms - 1313 
[HTTP] --> GET /wd/hub/session/97fef018-7127-492d-95b3-64e71e5b9f11/element/10/location {}
[HTTP] <-- GET /wd/hub/session/97fef018-7127-492d-95b3-64e71e5b9f11/element/10/location 200 8 ms - 88 
[HTTP] --> POST /wd/hub/session/97fef018-7127-492d-95b3-64e71e5b9f11/touch/perform {"actions":[{"action":"tap","options":{"element":"10","x":1,"y":1}}]}
[HTTP] <-- POST /wd/hub/session/97fef018-7127-492d-95b3-64e71e5b9f11/touch/perform 200 181 ms - 76 
[HTTP] --> GET /wd/hub/session/97fef018-7127-492d-95b3-64e71e5b9f11/window/current/size {}
[HTTP] <-- GET /wd/hub/session/97fef018-7127-492d-95b3-64e71e5b9f11/window/current/size 200 8 ms - 100 
[HTTP] --> POST /wd/hub/session/97fef018-7127-492d-95b3-64e71e5b9f11/elements {"using":"-android uiautomator","value":"new UiSelector().className(\"android.widget.Button\").text(\"Next\").resourceId(\"de.riderr.app.dev:id/btn_next\").instance(0)"}
[HTTP] <-- POST /wd/hub/session/97fef018-7127-492d-95b3-64e71e5b9f11/elements 200 484 ms - 90 
[HTTP] --> GET /wd/hub/session/97fef018-7127-492d-95b3-64e71e5b9f11 {}
[HTTP] <-- GET /wd/hub/session/97fef018-7127-492d-95b3-64e71e5b9f11 200 4 ms - 1313 
[HTTP] --> GET /wd/hub/session/97fef018-7127-492d-95b3-64e71e5b9f11 {}
[HTTP] <-- GET /wd/hub/session/97fef018-7127-492d-95b3-64e71e5b9f11 200 2 ms - 1313 
[HTTP] --> GET /wd/hub/session/97fef018-7127-492d-95b3-64e71e5b9f11 {}
[HTTP] <-- GET /wd/hub/session/97fef018-7127-492d-95b3-64e71e5b9f11 200 2 ms - 1313 
[HTTP] --> GET /wd/hub/session/97fef018-7127-492d-95b3-64e71e5b9f11 {}
[HTTP] <-- GET /wd/hub/session/97fef018-7127-492d-95b3-64e71e5b9f11 200 3 ms - 1313 
[HTTP] --> GET /wd/hub/session/97fef018-7127-492d-95b3-64e71e5b9f11/element/11/location {}
[HTTP] <-- GET /wd/hub/session/97fef018-7127-492d-95b3-64e71e5b9f11/element/11/location 200 15 ms - 89 
[HTTP] --> GET /wd/hub/session/97fef018-7127-492d-95b3-64e71e5b9f11/window/current/size {}
[HTTP] <-- GET /wd/hub/session/97fef018-7127-492d-95b3-64e71e5b9f11/window/current/size 200 5 ms - 100 
[HTTP] --> POST /wd/hub/session/97fef018-7127-492d-95b3-64e71e5b9f11/elements {"using":"-android uiautomator","value":"new UiSelector().className(\"android.widget.Button\").text(\"Next\").resourceId(\"de.riderr.app.dev:id/btn_next\").instance(0)"}
[HTTP] <-- POST /wd/hub/session/97fef018-7127-492d-95b3-64e71e5b9f11/elements 200 33 ms - 90 
[HTTP] --> GET /wd/hub/session/97fef018-7127-492d-95b3-64e71e5b9f11 {}
[HTTP] <-- GET /wd/hub/session/97fef018-7127-492d-95b3-64e71e5b9f11 200 8 ms - 1313 
[HTTP] --> GET /wd/hub/session/97fef018-7127-492d-95b3-64e71e5b9f11 {}
[HTTP] <-- GET /wd/hub/session/97fef018-7127-492d-95b3-64e71e5b9f11 200 2 ms - 1313 
[HTTP] --> GET /wd/hub/session/97fef018-7127-492d-95b3-64e71e5b9f11 {}
[HTTP] <-- GET /wd/hub/session/97fef018-7127-492d-95b3-64e71e5b9f11 200 2 ms - 1313 
[HTTP] --> GET /wd/hub/session/97fef018-7127-492d-95b3-64e71e5b9f11 {}
[HTTP] <-- GET /wd/hub/session/97fef018-7127-492d-95b3-64e71e5b9f11 200 2 ms - 1313 
[HTTP] --> GET /wd/hub/session/97fef018-7127-492d-95b3-64e71e5b9f11/element/12/location {}
[HTTP] <-- GET /wd/hub/session/97fef018-7127-492d-95b3-64e71e5b9f11/element/12/location 200 15 ms - 89 
[HTTP] --> POST /wd/hub/session/97fef018-7127-492d-95b3-64e71e5b9f11/touch/perform {"actions":[{"action":"tap","options":{"element":"12","x":1,"y":1}}]}
[HTTP] <-- POST /wd/hub/session/97fef018-7127-492d-95b3-64e71e5b9f11/touch/perform 200 200 ms - 76 
[HTTP] --> GET /wd/hub/session/97fef018-7127-492d-95b3-64e71e5b9f11/context {}
[HTTP] <-- GET /wd/hub/session/97fef018-7127-492d-95b3-64e71e5b9f11/context 200 4 ms - 84 
[HTTP] --> GET /wd/hub/session/97fef018-7127-492d-95b3-64e71e5b9f11/contexts {}
[HTTP] <-- GET /wd/hub/session/97fef018-7127-492d-95b3-64e71e5b9f11/contexts 200 438 ms - 86 
[HTTP] --> POST /wd/hub/session/97fef018-7127-492d-95b3-64e71e5b9f11/context {"name":"NATIVE_APP"}
[HTTP] <-- POST /wd/hub/session/97fef018-7127-492d-95b3-64e71e5b9f11/context 200 371 ms - 76 
[HTTP] --> POST /wd/hub/session/97fef018-7127-492d-95b3-64e71e5b9f11/element {"using":"-android uiautomator","value":"new UiScrollable(new UiSelector().scrollable(true).instance(0)).scrollIntoView(new UiSelector().textContains(\"Required Profile Image\"))"}
[HTTP] <-- POST /wd/hub/session/97fef018-7127-492d-95b3-64e71e5b9f11/element 200 24 ms - 88 
[HTTP] --> GET /wd/hub/session/97fef018-7127-492d-95b3-64e71e5b9f11 {}
[HTTP] <-- GET /wd/hub/session/97fef018-7127-492d-95b3-64e71e5b9f11 200 2 ms - 1313 
[HTTP] --> GET /wd/hub/session/97fef018-7127-492d-95b3-64e71e5b9f11 {}
[HTTP] <-- GET /wd/hub/session/97fef018-7127-492d-95b3-64e71e5b9f11 200 4 ms - 1313 
[HTTP] --> GET /wd/hub/session/97fef018-7127-492d-95b3-64e71e5b9f11 {}
[HTTP] <-- GET /wd/hub/session/97fef018-7127-492d-95b3-64e71e5b9f11 200 2 ms - 1313 
[HTTP] --> GET /wd/hub/session/97fef018-7127-492d-95b3-64e71e5b9f11 {}
[HTTP] <-- GET /wd/hub/session/97fef018-7127-492d-95b3-64e71e5b9f11 200 3 ms - 1313 
[HTTP] --> POST /wd/hub/session/97fef018-7127-492d-95b3-64e71e5b9f11/context {"name":"NATIVE_APP"}
[HTTP] <-- POST /wd/hub/session/97fef018-7127-492d-95b3-64e71e5b9f11/context 200 309 ms - 76 
[HTTP] --> GET /wd/hub/session/97fef018-7127-492d-95b3-64e71e5b9f11/context {}
[HTTP] <-- GET /wd/hub/session/97fef018-7127-492d-95b3-64e71e5b9f11/context 200 2 ms - 84 
[HTTP] --> GET /wd/hub/session/97fef018-7127-492d-95b3-64e71e5b9f11/contexts {}
[HTTP] <-- GET /wd/hub/session/97fef018-7127-492d-95b3-64e71e5b9f11/contexts 200 298 ms - 86 
[HTTP] --> POST /wd/hub/session/97fef018-7127-492d-95b3-64e71e5b9f11/context {"name":"NATIVE_APP"}
[HTTP] <-- POST /wd/hub/session/97fef018-7127-492d-95b3-64e71e5b9f11/context 200 301 ms - 76 
[HTTP] --> POST /wd/hub/session/97fef018-7127-492d-95b3-64e71e5b9f11/element {"using":"-android uiautomator","value":"new UiScrollable(new UiSelector().scrollable(true).instance(0)).scrollIntoView(new UiSelector().textContains(\"Required Full Name\"))"}
[HTTP] <-- POST /wd/hub/session/97fef018-7127-492d-95b3-64e71e5b9f11/element 200 34 ms - 88 
[HTTP] --> GET /wd/hub/session/97fef018-7127-492d-95b3-64e71e5b9f11 {}
[HTTP] <-- GET /wd/hub/session/97fef018-7127-492d-95b3-64e71e5b9f11 200 3 ms - 1313 
[HTTP] --> GET /wd/hub/session/97fef018-7127-492d-95b3-64e71e5b9f11 {}
[HTTP] <-- GET /wd/hub/session/97fef018-7127-492d-95b3-64e71e5b9f11 200 2 ms - 1313 
[HTTP] --> GET /wd/hub/session/97fef018-7127-492d-95b3-64e71e5b9f11 {}
[HTTP] <-- GET /wd/hub/session/97fef018-7127-492d-95b3-64e71e5b9f11 200 2 ms - 1313 
[HTTP] --> GET /wd/hub/session/97fef018-7127-492d-95b3-64e71e5b9f11 {}
[HTTP] <-- GET /wd/hub/session/97fef018-7127-492d-95b3-64e71e5b9f11 200 2 ms - 1313 
[HTTP] --> POST /wd/hub/session/97fef018-7127-492d-95b3-64e71e5b9f11/context {"name":"NATIVE_APP"}
[HTTP] <-- POST /wd/hub/session/97fef018-7127-492d-95b3-64e71e5b9f11/context 200 332 ms - 76 
[HTTP] --> GET /wd/hub/session/97fef018-7127-492d-95b3-64e71e5b9f11/context {}
[HTTP] <-- GET /wd/hub/session/97fef018-7127-492d-95b3-64e71e5b9f11/context 200 3 ms - 84 
[HTTP] --> GET /wd/hub/session/97fef018-7127-492d-95b3-64e71e5b9f11/contexts {}
[HTTP] <-- GET /wd/hub/session/97fef018-7127-492d-95b3-64e71e5b9f11/contexts 200 291 ms - 86 
[HTTP] --> POST /wd/hub/session/97fef018-7127-492d-95b3-64e71e5b9f11/context {"name":"NATIVE_APP"}
[HTTP] <-- POST /wd/hub/session/97fef018-7127-492d-95b3-64e71e5b9f11/context 200 305 ms - 76 
[HTTP] --> POST /wd/hub/session/97fef018-7127-492d-95b3-64e71e5b9f11/element {"using":"-android uiautomator","value":"new UiScrollable(new UiSelector().scrollable(true).instance(0)).scrollIntoView(new UiSelector().textContains(\"Required Email Address\"))"}
[HTTP] <-- POST /wd/hub/session/97fef018-7127-492d-95b3-64e71e5b9f11/element 200 30 ms - 88 
[HTTP] --> GET /wd/hub/session/97fef018-7127-492d-95b3-64e71e5b9f11 {}
[HTTP] <-- GET /wd/hub/session/97fef018-7127-492d-95b3-64e71e5b9f11 200 2 ms - 1313 
[HTTP] --> GET /wd/hub/session/97fef018-7127-492d-95b3-64e71e5b9f11 {}
[HTTP] <-- GET /wd/hub/session/97fef018-7127-492d-95b3-64e71e5b9f11 200 2 ms - 1313 
[HTTP] --> GET /wd/hub/session/97fef018-7127-492d-95b3-64e71e5b9f11 {}
[HTTP] <-- GET /wd/hub/session/97fef018-7127-492d-95b3-64e71e5b9f11 200 2 ms - 1313 
[HTTP] --> GET /wd/hub/session/97fef018-7127-492d-95b3-64e71e5b9f11 {}
[HTTP] <-- GET /wd/hub/session/97fef018-7127-492d-95b3-64e71e5b9f11 200 3 ms - 1313 
[HTTP] --> POST /wd/hub/session/97fef018-7127-492d-95b3-64e71e5b9f11/context {"name":"NATIVE_APP"}
[HTTP] <-- POST /wd/hub/session/97fef018-7127-492d-95b3-64e71e5b9f11/context 200 312 ms - 76 
[HTTP] --> GET /wd/hub/session/97fef018-7127-492d-95b3-64e71e5b9f11/context {}
[HTTP] <-- GET /wd/hub/session/97fef018-7127-492d-95b3-64e71e5b9f11/context 200 2 ms - 84 
[HTTP] --> GET /wd/hub/session/97fef018-7127-492d-95b3-64e71e5b9f11/contexts {}
[HTTP] <-- GET /wd/hub/session/97fef018-7127-492d-95b3-64e71e5b9f11/contexts 200 288 ms - 86 
[HTTP] --> POST /wd/hub/session/97fef018-7127-492d-95b3-64e71e5b9f11/context {"name":"NATIVE_APP"}
[HTTP] <-- POST /wd/hub/session/97fef018-7127-492d-95b3-64e71e5b9f11/context 200 287 ms - 76 
[HTTP] --> POST /wd/hub/session/97fef018-7127-492d-95b3-64e71e5b9f11/element {"using":"-android uiautomator","value":"new UiScrollable(new UiSelector().scrollable(true).instance(0)).scrollIntoView(new UiSelector().textContains(\"Required Password\"))"}
[HTTP] <-- POST /wd/hub/session/97fef018-7127-492d-95b3-64e71e5b9f11/element 200 4964 ms - 88 
[HTTP] --> GET /wd/hub/session/97fef018-7127-492d-95b3-64e71e5b9f11 {}
[HTTP] <-- GET /wd/hub/session/97fef018-7127-492d-95b3-64e71e5b9f11 200 3 ms - 1313 
[HTTP] --> GET /wd/hub/session/97fef018-7127-492d-95b3-64e71e5b9f11 {}
[HTTP] <-- GET /wd/hub/session/97fef018-7127-492d-95b3-64e71e5b9f11 200 5 ms - 1313 
[HTTP] --> GET /wd/hub/session/97fef018-7127-492d-95b3-64e71e5b9f11 {}
[HTTP] <-- GET /wd/hub/session/97fef018-7127-492d-95b3-64e71e5b9f11 200 2 ms - 1313 
[HTTP] --> GET /wd/hub/session/97fef018-7127-492d-95b3-64e71e5b9f11 {}
[HTTP] <-- GET /wd/hub/session/97fef018-7127-492d-95b3-64e71e5b9f11 200 3 ms - 1313 
[HTTP] --> POST /wd/hub/session/97fef018-7127-492d-95b3-64e71e5b9f11/context {"name":"NATIVE_APP"}
[HTTP] <-- POST /wd/hub/session/97fef018-7127-492d-95b3-64e71e5b9f11/context 200 305 ms - 76 
[HTTP] --> GET /wd/hub/session/97fef018-7127-492d-95b3-64e71e5b9f11/context {}
[HTTP] <-- GET /wd/hub/session/97fef018-7127-492d-95b3-64e71e5b9f11/context 200 3 ms - 84 
[HTTP] --> GET /wd/hub/session/97fef018-7127-492d-95b3-64e71e5b9f11/contexts {}
[HTTP] <-- GET /wd/hub/session/97fef018-7127-492d-95b3-64e71e5b9f11/contexts 200 296 ms - 86 
[HTTP] --> POST /wd/hub/session/97fef018-7127-492d-95b3-64e71e5b9f11/context {"name":"NATIVE_APP"}
[HTTP] <-- POST /wd/hub/session/97fef018-7127-492d-95b3-64e71e5b9f11/context 200 298 ms - 76 
[HTTP] --> POST /wd/hub/session/97fef018-7127-492d-95b3-64e71e5b9f11/element {"using":"-android uiautomator","value":"new UiScrollable(new UiSelector().scrollable(true).instance(0)).scrollIntoView(new UiSelector().textContains(\"Required Retype New Password\"))"}
[HTTP] <-- POST /wd/hub/session/97fef018-7127-492d-95b3-64e71e5b9f11/element 200 27 ms - 88 
[HTTP] --> GET /wd/hub/session/97fef018-7127-492d-95b3-64e71e5b9f11 {}
[HTTP] <-- GET /wd/hub/session/97fef018-7127-492d-95b3-64e71e5b9f11 200 3 ms - 1313 
[HTTP] --> GET /wd/hub/session/97fef018-7127-492d-95b3-64e71e5b9f11 {}
[HTTP] <-- GET /wd/hub/session/97fef018-7127-492d-95b3-64e71e5b9f11 200 2 ms - 1313 
[HTTP] --> GET /wd/hub/session/97fef018-7127-492d-95b3-64e71e5b9f11 {}
[HTTP] <-- GET /wd/hub/session/97fef018-7127-492d-95b3-64e71e5b9f11 200 2 ms - 1313 
[HTTP] --> GET /wd/hub/session/97fef018-7127-492d-95b3-64e71e5b9f11 {}
[HTTP] <-- GET /wd/hub/session/97fef018-7127-492d-95b3-64e71e5b9f11 200 10 ms - 1313 
[HTTP] --> POST /wd/hub/session/97fef018-7127-492d-95b3-64e71e5b9f11/context {"name":"NATIVE_APP"}
[HTTP] <-- POST /wd/hub/session/97fef018-7127-492d-95b3-64e71e5b9f11/context 200 287 ms - 76 
[HTTP] --> DELETE /wd/hub/session/97fef018-7127-492d-95b3-64e71e5b9f11 {}
[Appium] Removing session 97fef018-7127-492d-95b3-64e71e5b9f11 from our master session list
[ADB] No uiautomator process found to kill, continuing...
[HTTP] <-- DELETE /wd/hub/session/97fef018-7127-492d-95b3-64e71e5b9f11 200 2644 ms - 76 
