[Appium] Welcome to Appium v1.7.2
[Appium] Non-default server args:
[Appium]   port: 51326
[Appium]   loglevel: info
[Appium]   chromeDriverPort: 51327
[Appium]   tmpDir: C:\Users\IDOLPH~1\AppData\Local\Temp\\Katalon\Appium\Temp1518165499304
[Appium] Appium REST http interface listener started on 0.0.0.0:51326
[HTTP] --> GET /wd/hub/status {}
[HTTP] <-- GET /wd/hub/status 200 7 ms - 72 
[HTTP] --> POST /wd/hub/session {"desiredCapabilities":{"app":"C:\\Users\\iDolphinz\\git\\Riderr-Test\\Andriod\\APK\\riderr.apk","autoGrantPermissions":true,"default":true,"deviceId":"192.168.29.101:5555","deviceName":"unknown Google Nexus 5 - 5.1.0 - API 22 - 1080x1920 (Android 5.1)","fullReset":true,"newCommandTimeout":1800,"noReset":false,"platform":"ANDROID","platformName":"Android","udid":"192.168.29.101:5555"},"capabilities":{"desiredCapabilities":{"app":"C:\\Users\\iDolphinz\\git\\Riderr-Test\\Andriod\\APK\\riderr.apk","autoGrantPermissions":true,"default":true,"deviceId":"192.168.29.101:5555","deviceName":"unknown Google Nexus 5 - 5.1.0 - API 22 - 1080x1920 (Android 5.1)","fullReset":true,"newCommandTimeout":1800,"noReset":false,"platform":"ANDROID","platformName":"Android","udid":"192.168.29.101:5555"},"firstMatch":[{"platformName":"android"}]}}
[Appium] Merged W3C capabilities {"desiredCapabilities":{"app":"C:\\Users\\iDolp... into desiredCapabilities object {"app":"C:\\Users\\iDolphinz\\git\\Riderr-Test\...
[Appium] Creating new AndroidDriver (v1.37.0) session
[Appium] Capabilities:
[Appium]   app: C:\Users\iDolphinz\git\Riderr-Test\Andriod\APK\riderr.apk
[Appium]   autoGrantPermissions: true
[Appium]   default: true
[Appium]   deviceId: 192.168.29.101:5555
[Appium]   deviceName: unknown Google Nexus 5 - 5.1.0 - API 22 - 1080x1920 (Android 5.1)
[Appium]   fullReset: true
[Appium]   newCommandTimeout: 1800
[Appium]   noReset: false
[Appium]   platform: ANDROID
[Appium]   platformName: android
[Appium]   udid: 192.168.29.101:5555
[BaseDriver] The following capabilities were provided, but are not recognized by appium: default, deviceId, platform.
[BaseDriver] Session created with session id: a452f24b-c0bc-420b-97f7-9c75c27d023a
[AndroidDriver] Java version is: 1.8.0_102
[ADB] Checking whether adb is present
[ADB] Using adb.exe from C:\Users\iDolphinz\.katalon\tools\android_sdk\platform-tools\adb.exe
[AndroidDriver] Retrieving device list
[AndroidDriver] Using device: 192.168.29.101:5555
[ADB] Checking whether adb is present
[BaseDriver] Using local app 'C:\Users\iDolphinz\git\Riderr-Test\Andriod\APK\riderr.apk'
[AndroidDriver] Starting Android session
[AndroidDriver] setDeviceLanguageCountry requires language or country.
[AndroidDriver] Got language: 'null' and country: 'null'
[ADB] Checking whether aapt is present
[ADB] Using aapt.exe from C:\Users\iDolphinz\.katalon\tools\android_sdk\build-tools\27.0.3\aapt.exe
[ADB] Checking whether aapt is present
[ADB] Getting device platform version
[ADB] Checking whether aapt is present
[ADB] Extracting package and launch activity from manifest
[ADB] de.riderr.app.dev was successfully uninstalled
[AndroidDriver] Remote apk path is /data/local/tmp/7e217af7d5879c15f28abce4b4028ba0.apk
[AndroidDriver] Apk is not yet installed
[AndroidDriver] installing apk from remote
[AndroidDriver] Clearing out any existing remote apks with the same hash
[ADB] de.riderr.app.dev was not uninstalled, because it was not present on the device
[ADB] Checking whether aapt is present
[ADB] Extracting package and launch activity from manifest
[ADB] No uiautomator process found to kill, continuing...
[AndroidBootstrap] Android bootstrap socket is now connected
[AndroidDriver] Screen already unlocked, doing nothing
[Appium] New AndroidDriver session created successfully, session a452f24b-c0bc-420b-97f7-9c75c27d023a added to master session list
[HTTP] <-- POST /wd/hub/session 200 15722 ms - 1313 
[HTTP] --> GET /wd/hub/status {}
[HTTP] <-- GET /wd/hub/status 200 3 ms - 83 
[HTTP] --> POST /wd/hub/session/a452f24b-c0bc-420b-97f7-9c75c27d023a/timeouts {"type":"implicit","ms":30000}
[HTTP] <-- POST /wd/hub/session/a452f24b-c0bc-420b-97f7-9c75c27d023a/timeouts 200 5 ms - 76 
[HTTP] --> GET /wd/hub/session/a452f24b-c0bc-420b-97f7-9c75c27d023a/window/current/size {}
[HTTP] <-- GET /wd/hub/session/a452f24b-c0bc-420b-97f7-9c75c27d023a/window/current/size 200 9 ms - 100 
[HTTP] --> POST /wd/hub/session/a452f24b-c0bc-420b-97f7-9c75c27d023a/elements {"using":"-android uiautomator","value":"new UiSelector().className(\"android.widget.ImageButton\").instance(0)"}
[HTTP] <-- POST /wd/hub/session/a452f24b-c0bc-420b-97f7-9c75c27d023a/elements 200 2887 ms - 89 
[HTTP] --> GET /wd/hub/session/a452f24b-c0bc-420b-97f7-9c75c27d023a {}
[HTTP] <-- GET /wd/hub/session/a452f24b-c0bc-420b-97f7-9c75c27d023a 200 2 ms - 1313 
[HTTP] --> GET /wd/hub/session/a452f24b-c0bc-420b-97f7-9c75c27d023a {}
[HTTP] <-- GET /wd/hub/session/a452f24b-c0bc-420b-97f7-9c75c27d023a 200 1 ms - 1313 
[HTTP] --> GET /wd/hub/session/a452f24b-c0bc-420b-97f7-9c75c27d023a {}
[HTTP] <-- GET /wd/hub/session/a452f24b-c0bc-420b-97f7-9c75c27d023a 200 1 ms - 1313 
[HTTP] --> GET /wd/hub/session/a452f24b-c0bc-420b-97f7-9c75c27d023a {}
[HTTP] <-- GET /wd/hub/session/a452f24b-c0bc-420b-97f7-9c75c27d023a 200 1 ms - 1313 
[HTTP] --> GET /wd/hub/session/a452f24b-c0bc-420b-97f7-9c75c27d023a/element/1/location {}
[HTTP] <-- GET /wd/hub/session/a452f24b-c0bc-420b-97f7-9c75c27d023a/element/1/location 200 74 ms - 86 
[HTTP] --> GET /wd/hub/session/a452f24b-c0bc-420b-97f7-9c75c27d023a/window/current/size {}
[HTTP] <-- GET /wd/hub/session/a452f24b-c0bc-420b-97f7-9c75c27d023a/window/current/size 200 4 ms - 100 
[HTTP] --> POST /wd/hub/session/a452f24b-c0bc-420b-97f7-9c75c27d023a/elements {"using":"-android uiautomator","value":"new UiSelector().className(\"android.widget.ImageButton\").instance(0)"}
[HTTP] <-- POST /wd/hub/session/a452f24b-c0bc-420b-97f7-9c75c27d023a/elements 200 24 ms - 89 
[HTTP] --> GET /wd/hub/session/a452f24b-c0bc-420b-97f7-9c75c27d023a {}
[HTTP] <-- GET /wd/hub/session/a452f24b-c0bc-420b-97f7-9c75c27d023a 200 2 ms - 1313 
[HTTP] --> GET /wd/hub/session/a452f24b-c0bc-420b-97f7-9c75c27d023a {}
[HTTP] <-- GET /wd/hub/session/a452f24b-c0bc-420b-97f7-9c75c27d023a 200 1 ms - 1313 
[HTTP] --> GET /wd/hub/session/a452f24b-c0bc-420b-97f7-9c75c27d023a {}
[HTTP] <-- GET /wd/hub/session/a452f24b-c0bc-420b-97f7-9c75c27d023a 200 1 ms - 1313 
[HTTP] --> GET /wd/hub/session/a452f24b-c0bc-420b-97f7-9c75c27d023a {}
[HTTP] <-- GET /wd/hub/session/a452f24b-c0bc-420b-97f7-9c75c27d023a 200 1 ms - 1313 
[HTTP] --> GET /wd/hub/session/a452f24b-c0bc-420b-97f7-9c75c27d023a/element/2/location {}
[HTTP] <-- GET /wd/hub/session/a452f24b-c0bc-420b-97f7-9c75c27d023a/element/2/location 200 634 ms - 86 
[HTTP] --> POST /wd/hub/session/a452f24b-c0bc-420b-97f7-9c75c27d023a/touch/perform {"actions":[{"action":"tap","options":{"element":"2","x":1,"y":1}}]}
[HTTP] <-- POST /wd/hub/session/a452f24b-c0bc-420b-97f7-9c75c27d023a/touch/perform 200 262 ms - 76 
[HTTP] --> GET /wd/hub/session/a452f24b-c0bc-420b-97f7-9c75c27d023a/window/current/size {}
[HTTP] <-- GET /wd/hub/session/a452f24b-c0bc-420b-97f7-9c75c27d023a/window/current/size 200 5 ms - 100 
[HTTP] --> POST /wd/hub/session/a452f24b-c0bc-420b-97f7-9c75c27d023a/elements {"using":"xpath","value":"//hierarchy/android.widget.FrameLayout[1]/android.widget.LinearLayout[1]/android.widget.FrameLayout[1]/android.widget.LinearLayout[1]/android.widget.FrameLayout[1]/android.support.v4.widget.DrawerLayout[1]/android.widget.LinearLayout[2]/android.widget.LinearLayout[1]/android.support.v7.widget.RecyclerView[1]/android.widget.LinearLayout[4]"}
[HTTP] <-- POST /wd/hub/session/a452f24b-c0bc-420b-97f7-9c75c27d023a/elements 200 865 ms - 89 
[HTTP] --> GET /wd/hub/session/a452f24b-c0bc-420b-97f7-9c75c27d023a {}
[HTTP] <-- GET /wd/hub/session/a452f24b-c0bc-420b-97f7-9c75c27d023a 200 2 ms - 1313 
[HTTP] --> GET /wd/hub/session/a452f24b-c0bc-420b-97f7-9c75c27d023a {}
[HTTP] <-- GET /wd/hub/session/a452f24b-c0bc-420b-97f7-9c75c27d023a 200 1 ms - 1313 
[HTTP] --> GET /wd/hub/session/a452f24b-c0bc-420b-97f7-9c75c27d023a {}
[HTTP] <-- GET /wd/hub/session/a452f24b-c0bc-420b-97f7-9c75c27d023a 200 2 ms - 1313 
[HTTP] --> GET /wd/hub/session/a452f24b-c0bc-420b-97f7-9c75c27d023a {}
[HTTP] <-- GET /wd/hub/session/a452f24b-c0bc-420b-97f7-9c75c27d023a 200 1 ms - 1313 
[HTTP] --> GET /wd/hub/session/a452f24b-c0bc-420b-97f7-9c75c27d023a/element/3/location {}
[HTTP] <-- GET /wd/hub/session/a452f24b-c0bc-420b-97f7-9c75c27d023a/element/3/location 200 21 ms - 87 
[HTTP] --> GET /wd/hub/session/a452f24b-c0bc-420b-97f7-9c75c27d023a/window/current/size {}
[HTTP] <-- GET /wd/hub/session/a452f24b-c0bc-420b-97f7-9c75c27d023a/window/current/size 200 4 ms - 100 
[HTTP] --> POST /wd/hub/session/a452f24b-c0bc-420b-97f7-9c75c27d023a/elements {"using":"xpath","value":"//hierarchy/android.widget.FrameLayout[1]/android.widget.LinearLayout[1]/android.widget.FrameLayout[1]/android.widget.LinearLayout[1]/android.widget.FrameLayout[1]/android.support.v4.widget.DrawerLayout[1]/android.widget.LinearLayout[2]/android.widget.LinearLayout[1]/android.support.v7.widget.RecyclerView[1]/android.widget.LinearLayout[4]"}
[HTTP] <-- POST /wd/hub/session/a452f24b-c0bc-420b-97f7-9c75c27d023a/elements 200 39 ms - 89 
[HTTP] --> GET /wd/hub/session/a452f24b-c0bc-420b-97f7-9c75c27d023a {}
[HTTP] <-- GET /wd/hub/session/a452f24b-c0bc-420b-97f7-9c75c27d023a 200 1 ms - 1313 
[HTTP] --> GET /wd/hub/session/a452f24b-c0bc-420b-97f7-9c75c27d023a {}
[HTTP] <-- GET /wd/hub/session/a452f24b-c0bc-420b-97f7-9c75c27d023a 200 2 ms - 1313 
[HTTP] --> GET /wd/hub/session/a452f24b-c0bc-420b-97f7-9c75c27d023a {}
[HTTP] <-- GET /wd/hub/session/a452f24b-c0bc-420b-97f7-9c75c27d023a 200 2 ms - 1313 
[HTTP] --> GET /wd/hub/session/a452f24b-c0bc-420b-97f7-9c75c27d023a {}
[HTTP] <-- GET /wd/hub/session/a452f24b-c0bc-420b-97f7-9c75c27d023a 200 2 ms - 1313 
[HTTP] --> GET /wd/hub/session/a452f24b-c0bc-420b-97f7-9c75c27d023a/element/4/location {}
[HTTP] <-- GET /wd/hub/session/a452f24b-c0bc-420b-97f7-9c75c27d023a/element/4/location 200 12 ms - 87 
[HTTP] --> POST /wd/hub/session/a452f24b-c0bc-420b-97f7-9c75c27d023a/touch/perform {"actions":[{"action":"tap","options":{"element":"4","x":1,"y":1}}]}
[HTTP] <-- POST /wd/hub/session/a452f24b-c0bc-420b-97f7-9c75c27d023a/touch/perform 200 161 ms - 76 
[HTTP] --> GET /wd/hub/session/a452f24b-c0bc-420b-97f7-9c75c27d023a/window/current/size {}
[HTTP] <-- GET /wd/hub/session/a452f24b-c0bc-420b-97f7-9c75c27d023a/window/current/size 200 8 ms - 100 
[HTTP] --> POST /wd/hub/session/a452f24b-c0bc-420b-97f7-9c75c27d023a/elements {"using":"-android uiautomator","value":"new UiSelector().className(\"android.widget.ImageView\").resourceId(\"de.riderr.app.dev:id/icon_hamburger\").instance(0)"}
[HTTP] <-- POST /wd/hub/session/a452f24b-c0bc-420b-97f7-9c75c27d023a/elements 200 1346 ms - 89 
[HTTP] --> GET /wd/hub/session/a452f24b-c0bc-420b-97f7-9c75c27d023a {}
[HTTP] <-- GET /wd/hub/session/a452f24b-c0bc-420b-97f7-9c75c27d023a 200 1 ms - 1313 
[HTTP] --> GET /wd/hub/session/a452f24b-c0bc-420b-97f7-9c75c27d023a {}
[HTTP] <-- GET /wd/hub/session/a452f24b-c0bc-420b-97f7-9c75c27d023a 200 2 ms - 1313 
[HTTP] --> GET /wd/hub/session/a452f24b-c0bc-420b-97f7-9c75c27d023a {}
[HTTP] <-- GET /wd/hub/session/a452f24b-c0bc-420b-97f7-9c75c27d023a 200 1 ms - 1313 
[HTTP] --> GET /wd/hub/session/a452f24b-c0bc-420b-97f7-9c75c27d023a {}
[HTTP] <-- GET /wd/hub/session/a452f24b-c0bc-420b-97f7-9c75c27d023a 200 1 ms - 1313 
[HTTP] --> GET /wd/hub/session/a452f24b-c0bc-420b-97f7-9c75c27d023a/element/5/location {}
[HTTP] <-- GET /wd/hub/session/a452f24b-c0bc-420b-97f7-9c75c27d023a/element/5/location 200 39 ms - 88 
[HTTP] --> GET /wd/hub/session/a452f24b-c0bc-420b-97f7-9c75c27d023a/window/current/size {}
[HTTP] <-- GET /wd/hub/session/a452f24b-c0bc-420b-97f7-9c75c27d023a/window/current/size 200 4 ms - 100 
[HTTP] --> POST /wd/hub/session/a452f24b-c0bc-420b-97f7-9c75c27d023a/elements {"using":"-android uiautomator","value":"new UiSelector().className(\"android.widget.ImageView\").resourceId(\"de.riderr.app.dev:id/icon_hamburger\").instance(0)"}
[HTTP] <-- POST /wd/hub/session/a452f24b-c0bc-420b-97f7-9c75c27d023a/elements 200 735 ms - 89 
[HTTP] --> GET /wd/hub/session/a452f24b-c0bc-420b-97f7-9c75c27d023a {}
[HTTP] <-- GET /wd/hub/session/a452f24b-c0bc-420b-97f7-9c75c27d023a 200 2 ms - 1313 
[HTTP] --> GET /wd/hub/session/a452f24b-c0bc-420b-97f7-9c75c27d023a {}
[HTTP] <-- GET /wd/hub/session/a452f24b-c0bc-420b-97f7-9c75c27d023a 200 2 ms - 1313 
[HTTP] --> GET /wd/hub/session/a452f24b-c0bc-420b-97f7-9c75c27d023a {}
[HTTP] <-- GET /wd/hub/session/a452f24b-c0bc-420b-97f7-9c75c27d023a 200 2 ms - 1313 
[HTTP] --> GET /wd/hub/session/a452f24b-c0bc-420b-97f7-9c75c27d023a {}
[HTTP] <-- GET /wd/hub/session/a452f24b-c0bc-420b-97f7-9c75c27d023a 200 1 ms - 1313 
[HTTP] --> GET /wd/hub/session/a452f24b-c0bc-420b-97f7-9c75c27d023a/element/6/location {}
[HTTP] <-- GET /wd/hub/session/a452f24b-c0bc-420b-97f7-9c75c27d023a/element/6/location 200 39 ms - 88 
[HTTP] --> POST /wd/hub/session/a452f24b-c0bc-420b-97f7-9c75c27d023a/touch/perform {"actions":[{"action":"tap","options":{"element":"6","x":1,"y":1}}]}
[HTTP] <-- POST /wd/hub/session/a452f24b-c0bc-420b-97f7-9c75c27d023a/touch/perform 200 249 ms - 76 
[HTTP] --> GET /wd/hub/session/a452f24b-c0bc-420b-97f7-9c75c27d023a/window/current/size {}
[HTTP] <-- GET /wd/hub/session/a452f24b-c0bc-420b-97f7-9c75c27d023a/window/current/size 200 9 ms - 100 
[HTTP] --> POST /wd/hub/session/a452f24b-c0bc-420b-97f7-9c75c27d023a/elements {"using":"-android uiautomator","value":"new UiSelector().className(\"android.widget.LinearLayout\").resourceId(\"de.riderr.app.dev:id/layout_guest\").instance(15)"}
[HTTP] <-- POST /wd/hub/session/a452f24b-c0bc-420b-97f7-9c75c27d023a/elements 200 967 ms - 89 
[HTTP] --> GET /wd/hub/session/a452f24b-c0bc-420b-97f7-9c75c27d023a {}
[HTTP] <-- GET /wd/hub/session/a452f24b-c0bc-420b-97f7-9c75c27d023a 200 5 ms - 1313 
[HTTP] --> GET /wd/hub/session/a452f24b-c0bc-420b-97f7-9c75c27d023a {}
[HTTP] <-- GET /wd/hub/session/a452f24b-c0bc-420b-97f7-9c75c27d023a 200 2 ms - 1313 
[HTTP] --> GET /wd/hub/session/a452f24b-c0bc-420b-97f7-9c75c27d023a {}
[HTTP] <-- GET /wd/hub/session/a452f24b-c0bc-420b-97f7-9c75c27d023a 200 1 ms - 1313 
[HTTP] --> GET /wd/hub/session/a452f24b-c0bc-420b-97f7-9c75c27d023a {}
[HTTP] <-- GET /wd/hub/session/a452f24b-c0bc-420b-97f7-9c75c27d023a 200 2 ms - 1313 
[HTTP] --> GET /wd/hub/session/a452f24b-c0bc-420b-97f7-9c75c27d023a/element/7/location {}
[HTTP] <-- GET /wd/hub/session/a452f24b-c0bc-420b-97f7-9c75c27d023a/element/7/location 200 669 ms - 86 
[HTTP] --> GET /wd/hub/session/a452f24b-c0bc-420b-97f7-9c75c27d023a/window/current/size {}
[HTTP] <-- GET /wd/hub/session/a452f24b-c0bc-420b-97f7-9c75c27d023a/window/current/size 200 4 ms - 100 
[HTTP] --> POST /wd/hub/session/a452f24b-c0bc-420b-97f7-9c75c27d023a/elements {"using":"-android uiautomator","value":"new UiSelector().className(\"android.widget.LinearLayout\").resourceId(\"de.riderr.app.dev:id/layout_guest\").instance(15)"}
[HTTP] <-- POST /wd/hub/session/a452f24b-c0bc-420b-97f7-9c75c27d023a/elements 200 48 ms - 89 
[HTTP] --> GET /wd/hub/session/a452f24b-c0bc-420b-97f7-9c75c27d023a {}
[HTTP] <-- GET /wd/hub/session/a452f24b-c0bc-420b-97f7-9c75c27d023a 200 1 ms - 1313 
[HTTP] --> GET /wd/hub/session/a452f24b-c0bc-420b-97f7-9c75c27d023a {}
[HTTP] <-- GET /wd/hub/session/a452f24b-c0bc-420b-97f7-9c75c27d023a 200 1 ms - 1313 
[HTTP] --> GET /wd/hub/session/a452f24b-c0bc-420b-97f7-9c75c27d023a {}
[HTTP] <-- GET /wd/hub/session/a452f24b-c0bc-420b-97f7-9c75c27d023a 200 2 ms - 1313 
[HTTP] --> GET /wd/hub/session/a452f24b-c0bc-420b-97f7-9c75c27d023a {}
[HTTP] <-- GET /wd/hub/session/a452f24b-c0bc-420b-97f7-9c75c27d023a 200 2 ms - 1313 
[HTTP] --> GET /wd/hub/session/a452f24b-c0bc-420b-97f7-9c75c27d023a/element/8/location {}
[HTTP] <-- GET /wd/hub/session/a452f24b-c0bc-420b-97f7-9c75c27d023a/element/8/location 200 60 ms - 86 
[HTTP] --> POST /wd/hub/session/a452f24b-c0bc-420b-97f7-9c75c27d023a/touch/perform {"actions":[{"action":"tap","options":{"element":"8","x":1,"y":1}}]}
[HTTP] <-- POST /wd/hub/session/a452f24b-c0bc-420b-97f7-9c75c27d023a/touch/perform 200 263 ms - 76 
[HTTP] --> GET /wd/hub/session/a452f24b-c0bc-420b-97f7-9c75c27d023a/window/current/size {}
[HTTP] <-- GET /wd/hub/session/a452f24b-c0bc-420b-97f7-9c75c27d023a/window/current/size 200 5 ms - 100 
[HTTP] --> POST /wd/hub/session/a452f24b-c0bc-420b-97f7-9c75c27d023a/elements {"using":"-android uiautomator","value":"new UiSelector().className(\"android.widget.EditText\").resourceId(\"de.riderr.app.dev:id/et_email\").instance(0)"}
[HTTP] <-- POST /wd/hub/session/a452f24b-c0bc-420b-97f7-9c75c27d023a/elements 200 921 ms - 89 
[HTTP] --> GET /wd/hub/session/a452f24b-c0bc-420b-97f7-9c75c27d023a {}
[HTTP] <-- GET /wd/hub/session/a452f24b-c0bc-420b-97f7-9c75c27d023a 200 2 ms - 1313 
[HTTP] --> GET /wd/hub/session/a452f24b-c0bc-420b-97f7-9c75c27d023a {}
[HTTP] <-- GET /wd/hub/session/a452f24b-c0bc-420b-97f7-9c75c27d023a 200 1 ms - 1313 
[HTTP] --> GET /wd/hub/session/a452f24b-c0bc-420b-97f7-9c75c27d023a {}
[HTTP] <-- GET /wd/hub/session/a452f24b-c0bc-420b-97f7-9c75c27d023a 200 1 ms - 1313 
[HTTP] --> GET /wd/hub/session/a452f24b-c0bc-420b-97f7-9c75c27d023a {}
[HTTP] <-- GET /wd/hub/session/a452f24b-c0bc-420b-97f7-9c75c27d023a 200 2 ms - 1313 
[HTTP] --> GET /wd/hub/session/a452f24b-c0bc-420b-97f7-9c75c27d023a/element/9/location {}
[HTTP] <-- GET /wd/hub/session/a452f24b-c0bc-420b-97f7-9c75c27d023a/element/9/location 200 16 ms - 88 
[HTTP] --> GET /wd/hub/session/a452f24b-c0bc-420b-97f7-9c75c27d023a/window/current/size {}
[HTTP] <-- GET /wd/hub/session/a452f24b-c0bc-420b-97f7-9c75c27d023a/window/current/size 200 4 ms - 100 
[HTTP] --> POST /wd/hub/session/a452f24b-c0bc-420b-97f7-9c75c27d023a/elements {"using":"-android uiautomator","value":"new UiSelector().className(\"android.widget.EditText\").resourceId(\"de.riderr.app.dev:id/et_email\").instance(0)"}
[HTTP] <-- POST /wd/hub/session/a452f24b-c0bc-420b-97f7-9c75c27d023a/elements 200 137 ms - 90 
[HTTP] --> GET /wd/hub/session/a452f24b-c0bc-420b-97f7-9c75c27d023a {}
[HTTP] <-- GET /wd/hub/session/a452f24b-c0bc-420b-97f7-9c75c27d023a 200 2 ms - 1313 
[HTTP] --> GET /wd/hub/session/a452f24b-c0bc-420b-97f7-9c75c27d023a {}
[HTTP] <-- GET /wd/hub/session/a452f24b-c0bc-420b-97f7-9c75c27d023a 200 2 ms - 1313 
[HTTP] --> GET /wd/hub/session/a452f24b-c0bc-420b-97f7-9c75c27d023a {}
[HTTP] <-- GET /wd/hub/session/a452f24b-c0bc-420b-97f7-9c75c27d023a 200 2 ms - 1313 
[HTTP] --> GET /wd/hub/session/a452f24b-c0bc-420b-97f7-9c75c27d023a {}
[HTTP] <-- GET /wd/hub/session/a452f24b-c0bc-420b-97f7-9c75c27d023a 200 2 ms - 1313 
[HTTP] --> GET /wd/hub/session/a452f24b-c0bc-420b-97f7-9c75c27d023a/element/10/location {}
[HTTP] <-- GET /wd/hub/session/a452f24b-c0bc-420b-97f7-9c75c27d023a/element/10/location 200 14 ms - 88 
[HTTP] --> POST /wd/hub/session/a452f24b-c0bc-420b-97f7-9c75c27d023a/element/10/clear {"id":"10"}
[HTTP] <-- POST /wd/hub/session/a452f24b-c0bc-420b-97f7-9c75c27d023a/element/10/clear 200 3694 ms - 76 
[HTTP] --> POST /wd/hub/session/a452f24b-c0bc-420b-97f7-9c75c27d023a/element/10/value {"id":"10","value":["psgolf11@gmail.com"]}
[HTTP] <-- POST /wd/hub/session/a452f24b-c0bc-420b-97f7-9c75c27d023a/element/10/value 200 4668 ms - 76 
[HTTP] --> GET /wd/hub/session/a452f24b-c0bc-420b-97f7-9c75c27d023a/window/current/size {}
[HTTP] <-- GET /wd/hub/session/a452f24b-c0bc-420b-97f7-9c75c27d023a/window/current/size 200 6 ms - 100 
[HTTP] --> POST /wd/hub/session/a452f24b-c0bc-420b-97f7-9c75c27d023a/elements {"using":"-android uiautomator","value":"new UiSelector().className(\"android.widget.EditText\").resourceId(\"de.riderr.app.dev:id/et_password\").instance(1)"}
[HTTP] <-- POST /wd/hub/session/a452f24b-c0bc-420b-97f7-9c75c27d023a/elements 200 484 ms - 90 
[HTTP] --> GET /wd/hub/session/a452f24b-c0bc-420b-97f7-9c75c27d023a {}
[HTTP] <-- GET /wd/hub/session/a452f24b-c0bc-420b-97f7-9c75c27d023a 200 2 ms - 1313 
[HTTP] --> GET /wd/hub/session/a452f24b-c0bc-420b-97f7-9c75c27d023a {}
[HTTP] <-- GET /wd/hub/session/a452f24b-c0bc-420b-97f7-9c75c27d023a 200 2 ms - 1313 
[HTTP] --> GET /wd/hub/session/a452f24b-c0bc-420b-97f7-9c75c27d023a {}
[HTTP] <-- GET /wd/hub/session/a452f24b-c0bc-420b-97f7-9c75c27d023a 200 2 ms - 1313 
[HTTP] --> GET /wd/hub/session/a452f24b-c0bc-420b-97f7-9c75c27d023a {}
[HTTP] <-- GET /wd/hub/session/a452f24b-c0bc-420b-97f7-9c75c27d023a 200 4 ms - 1313 
[HTTP] --> GET /wd/hub/session/a452f24b-c0bc-420b-97f7-9c75c27d023a/element/11/location {}
[HTTP] <-- GET /wd/hub/session/a452f24b-c0bc-420b-97f7-9c75c27d023a/element/11/location 200 16 ms - 88 
[HTTP] --> GET /wd/hub/session/a452f24b-c0bc-420b-97f7-9c75c27d023a/window/current/size {}
[HTTP] <-- GET /wd/hub/session/a452f24b-c0bc-420b-97f7-9c75c27d023a/window/current/size 200 4 ms - 100 
[HTTP] --> POST /wd/hub/session/a452f24b-c0bc-420b-97f7-9c75c27d023a/elements {"using":"-android uiautomator","value":"new UiSelector().className(\"android.widget.EditText\").resourceId(\"de.riderr.app.dev:id/et_password\").instance(1)"}
[HTTP] <-- POST /wd/hub/session/a452f24b-c0bc-420b-97f7-9c75c27d023a/elements 200 51 ms - 90 
[HTTP] --> GET /wd/hub/session/a452f24b-c0bc-420b-97f7-9c75c27d023a {}
[HTTP] <-- GET /wd/hub/session/a452f24b-c0bc-420b-97f7-9c75c27d023a 200 2 ms - 1313 
[HTTP] --> GET /wd/hub/session/a452f24b-c0bc-420b-97f7-9c75c27d023a {}
[HTTP] <-- GET /wd/hub/session/a452f24b-c0bc-420b-97f7-9c75c27d023a 200 1 ms - 1313 
[HTTP] --> GET /wd/hub/session/a452f24b-c0bc-420b-97f7-9c75c27d023a {}
[HTTP] <-- GET /wd/hub/session/a452f24b-c0bc-420b-97f7-9c75c27d023a 200 1 ms - 1313 
[HTTP] --> GET /wd/hub/session/a452f24b-c0bc-420b-97f7-9c75c27d023a {}
[HTTP] <-- GET /wd/hub/session/a452f24b-c0bc-420b-97f7-9c75c27d023a 200 1 ms - 1313 
[HTTP] --> GET /wd/hub/session/a452f24b-c0bc-420b-97f7-9c75c27d023a/element/12/location {}
[HTTP] <-- GET /wd/hub/session/a452f24b-c0bc-420b-97f7-9c75c27d023a/element/12/location 200 9 ms - 88 
[HTTP] --> POST /wd/hub/session/a452f24b-c0bc-420b-97f7-9c75c27d023a/element/12/clear {"id":"12"}
[HTTP] <-- POST /wd/hub/session/a452f24b-c0bc-420b-97f7-9c75c27d023a/element/12/clear 200 1766 ms - 76 
[HTTP] --> POST /wd/hub/session/a452f24b-c0bc-420b-97f7-9c75c27d023a/element/12/value {"id":"12","value":["123123"]}
[HTTP] <-- POST /wd/hub/session/a452f24b-c0bc-420b-97f7-9c75c27d023a/element/12/value 200 4586 ms - 76 
[HTTP] --> GET /wd/hub/session/a452f24b-c0bc-420b-97f7-9c75c27d023a/window/current/size {}
[HTTP] <-- GET /wd/hub/session/a452f24b-c0bc-420b-97f7-9c75c27d023a/window/current/size 200 7 ms - 100 
[HTTP] --> POST /wd/hub/session/a452f24b-c0bc-420b-97f7-9c75c27d023a/elements {"using":"-android uiautomator","value":"new UiSelector().className(\"android.widget.Button\").text(\"Log In\").resourceId(\"de.riderr.app.dev:id/btn_login\").instance(0)"}
[HTTP] <-- POST /wd/hub/session/a452f24b-c0bc-420b-97f7-9c75c27d023a/elements 200 526 ms - 90 
[HTTP] --> GET /wd/hub/session/a452f24b-c0bc-420b-97f7-9c75c27d023a {}
[HTTP] <-- GET /wd/hub/session/a452f24b-c0bc-420b-97f7-9c75c27d023a 200 2 ms - 1313 
[HTTP] --> GET /wd/hub/session/a452f24b-c0bc-420b-97f7-9c75c27d023a {}
[HTTP] <-- GET /wd/hub/session/a452f24b-c0bc-420b-97f7-9c75c27d023a 200 1 ms - 1313 
[HTTP] --> GET /wd/hub/session/a452f24b-c0bc-420b-97f7-9c75c27d023a {}
[HTTP] <-- GET /wd/hub/session/a452f24b-c0bc-420b-97f7-9c75c27d023a 200 1 ms - 1313 
[HTTP] --> GET /wd/hub/session/a452f24b-c0bc-420b-97f7-9c75c27d023a {}
[HTTP] <-- GET /wd/hub/session/a452f24b-c0bc-420b-97f7-9c75c27d023a 200 2 ms - 1313 
[HTTP] --> GET /wd/hub/session/a452f24b-c0bc-420b-97f7-9c75c27d023a/element/13/location {}
[HTTP] <-- GET /wd/hub/session/a452f24b-c0bc-420b-97f7-9c75c27d023a/element/13/location 200 7 ms - 89 
[HTTP] --> GET /wd/hub/session/a452f24b-c0bc-420b-97f7-9c75c27d023a/window/current/size {}
[HTTP] <-- GET /wd/hub/session/a452f24b-c0bc-420b-97f7-9c75c27d023a/window/current/size 200 4 ms - 100 
[HTTP] --> POST /wd/hub/session/a452f24b-c0bc-420b-97f7-9c75c27d023a/elements {"using":"-android uiautomator","value":"new UiSelector().className(\"android.widget.Button\").text(\"Log In\").resourceId(\"de.riderr.app.dev:id/btn_login\").instance(0)"}
[HTTP] <-- POST /wd/hub/session/a452f24b-c0bc-420b-97f7-9c75c27d023a/elements 200 12 ms - 90 
[HTTP] --> GET /wd/hub/session/a452f24b-c0bc-420b-97f7-9c75c27d023a {}
[HTTP] <-- GET /wd/hub/session/a452f24b-c0bc-420b-97f7-9c75c27d023a 200 2 ms - 1313 
[HTTP] --> GET /wd/hub/session/a452f24b-c0bc-420b-97f7-9c75c27d023a {}
[HTTP] <-- GET /wd/hub/session/a452f24b-c0bc-420b-97f7-9c75c27d023a 200 1 ms - 1313 
[HTTP] --> GET /wd/hub/session/a452f24b-c0bc-420b-97f7-9c75c27d023a {}
[HTTP] <-- GET /wd/hub/session/a452f24b-c0bc-420b-97f7-9c75c27d023a 200 2 ms - 1313 
[HTTP] --> GET /wd/hub/session/a452f24b-c0bc-420b-97f7-9c75c27d023a {}
[HTTP] <-- GET /wd/hub/session/a452f24b-c0bc-420b-97f7-9c75c27d023a 200 2 ms - 1313 
[HTTP] --> GET /wd/hub/session/a452f24b-c0bc-420b-97f7-9c75c27d023a/element/14/location {}
[HTTP] <-- GET /wd/hub/session/a452f24b-c0bc-420b-97f7-9c75c27d023a/element/14/location 200 5 ms - 89 
[HTTP] --> POST /wd/hub/session/a452f24b-c0bc-420b-97f7-9c75c27d023a/touch/perform {"actions":[{"action":"tap","options":{"element":"14","x":1,"y":1}}]}
[HTTP] <-- POST /wd/hub/session/a452f24b-c0bc-420b-97f7-9c75c27d023a/touch/perform 200 153 ms - 76 
[HTTP] --> GET /wd/hub/session/a452f24b-c0bc-420b-97f7-9c75c27d023a/context {}
[HTTP] <-- GET /wd/hub/session/a452f24b-c0bc-420b-97f7-9c75c27d023a/context 200 3 ms - 84 
[HTTP] --> GET /wd/hub/session/a452f24b-c0bc-420b-97f7-9c75c27d023a/contexts {}
[HTTP] <-- GET /wd/hub/session/a452f24b-c0bc-420b-97f7-9c75c27d023a/contexts 200 359 ms - 86 
[HTTP] --> POST /wd/hub/session/a452f24b-c0bc-420b-97f7-9c75c27d023a/context {"name":"NATIVE_APP"}
[HTTP] <-- POST /wd/hub/session/a452f24b-c0bc-420b-97f7-9c75c27d023a/context 200 332 ms - 76 
[HTTP] --> POST /wd/hub/session/a452f24b-c0bc-420b-97f7-9c75c27d023a/element {"using":"-android uiautomator","value":"new UiScrollable(new UiSelector().scrollable(true).instance(0)).scrollIntoView(new UiSelector().textContains(\"Home\"))"}
[HTTP] <-- POST /wd/hub/session/a452f24b-c0bc-420b-97f7-9c75c27d023a/element 200 1520 ms - 88 
[HTTP] --> GET /wd/hub/session/a452f24b-c0bc-420b-97f7-9c75c27d023a {}
[HTTP] <-- GET /wd/hub/session/a452f24b-c0bc-420b-97f7-9c75c27d023a 200 4 ms - 1313 
[HTTP] --> GET /wd/hub/session/a452f24b-c0bc-420b-97f7-9c75c27d023a {}
[HTTP] <-- GET /wd/hub/session/a452f24b-c0bc-420b-97f7-9c75c27d023a 200 2 ms - 1313 
[HTTP] --> GET /wd/hub/session/a452f24b-c0bc-420b-97f7-9c75c27d023a {}
[HTTP] <-- GET /wd/hub/session/a452f24b-c0bc-420b-97f7-9c75c27d023a 200 1 ms - 1313 
[HTTP] --> GET /wd/hub/session/a452f24b-c0bc-420b-97f7-9c75c27d023a {}
[HTTP] <-- GET /wd/hub/session/a452f24b-c0bc-420b-97f7-9c75c27d023a 200 2 ms - 1313 
[HTTP] --> POST /wd/hub/session/a452f24b-c0bc-420b-97f7-9c75c27d023a/context {"name":"NATIVE_APP"}
[HTTP] <-- POST /wd/hub/session/a452f24b-c0bc-420b-97f7-9c75c27d023a/context 200 254 ms - 76 
[HTTP] --> GET /wd/hub/session/a452f24b-c0bc-420b-97f7-9c75c27d023a/window/current/size {}
[HTTP] <-- GET /wd/hub/session/a452f24b-c0bc-420b-97f7-9c75c27d023a/window/current/size 200 4 ms - 100 
[HTTP] --> POST /wd/hub/session/a452f24b-c0bc-420b-97f7-9c75c27d023a/elements {"using":"-android uiautomator","value":"new UiSelector().className(\"android.widget.ImageButton\").instance(0)"}
[HTTP] <-- POST /wd/hub/session/a452f24b-c0bc-420b-97f7-9c75c27d023a/elements 200 443 ms - 90 
[HTTP] --> GET /wd/hub/session/a452f24b-c0bc-420b-97f7-9c75c27d023a {}
[HTTP] <-- GET /wd/hub/session/a452f24b-c0bc-420b-97f7-9c75c27d023a 200 1 ms - 1313 
[HTTP] --> GET /wd/hub/session/a452f24b-c0bc-420b-97f7-9c75c27d023a {}
[HTTP] <-- GET /wd/hub/session/a452f24b-c0bc-420b-97f7-9c75c27d023a 200 2 ms - 1313 
[HTTP] --> GET /wd/hub/session/a452f24b-c0bc-420b-97f7-9c75c27d023a {}
[HTTP] <-- GET /wd/hub/session/a452f24b-c0bc-420b-97f7-9c75c27d023a 200 1 ms - 1313 
[HTTP] --> GET /wd/hub/session/a452f24b-c0bc-420b-97f7-9c75c27d023a {}
[HTTP] <-- GET /wd/hub/session/a452f24b-c0bc-420b-97f7-9c75c27d023a 200 1 ms - 1313 
[HTTP] --> GET /wd/hub/session/a452f24b-c0bc-420b-97f7-9c75c27d023a/element/16/location {}
[HTTP] <-- GET /wd/hub/session/a452f24b-c0bc-420b-97f7-9c75c27d023a/element/16/location 200 18 ms - 86 
[HTTP] --> DELETE /wd/hub/session/a452f24b-c0bc-420b-97f7-9c75c27d023a {}
[Appium] Removing session a452f24b-c0bc-420b-97f7-9c75c27d023a from our master session list
[ADB] de.riderr.app.dev was successfully uninstalled
[ADB] No uiautomator process found to kill, continuing...
[HTTP] <-- DELETE /wd/hub/session/a452f24b-c0bc-420b-97f7-9c75c27d023a 200 3161 ms - 76 
